-- The C compiler identification is GNU 11.4.0
-- The CXX compiler identification is GNU 11.4.0
-- Detecting C compiler ABI info
-- Detecting C compiler ABI info - done
-- Check for working C compiler: /usr/bin/cc - skipped
-- Detecting C compile features
-- Detecting C compile features - done
-- Detecting CXX compiler ABI info
-- Detecting CXX compiler ABI info - done
-- Check for working CXX compiler: /usr/bin/c++ - skipped
-- Detecting CXX compile features
-- Detecting CXX compile features - done
-- Found ament_cmake: 2.0.3 (/opt/ros/iron/share/ament_cmake/cmake)
-- Found Python3: /usr/bin/python3.10 (found version "3.10.12") found components: Interpreter 
-- Found rclcpp: 21.0.4 (/opt/ros/iron/share/rclcpp/cmake)
-- Found rosidl_generator_c: 4.0.1 (/opt/ros/iron/share/rosidl_generator_c/cmake)
-- Found rosidl_generator_cpp: 4.0.1 (/opt/ros/iron/share/rosidl_generator_cpp/cmake)
-- Using all available rosidl_typesupport_c: rosidl_typesupport_fastrtps_c;rosidl_typesupport_introspection_c
-- Using all available rosidl_typesupport_cpp: rosidl_typesupport_fastrtps_cpp;rosidl_typesupport_introspection_cpp
-- Found rmw_implementation_cmake: 7.1.0 (/opt/ros/iron/share/rmw_implementation_cmake/cmake)
-- Found rmw_fastrtps_cpp: 7.1.2 (/opt/ros/iron/share/rmw_fastrtps_cpp/cmake)
-- Found OpenSSL: /usr/lib/x86_64-linux-gnu/libcrypto.so (found version "3.0.2")  
-- Found FastRTPS: /opt/ros/iron/include  
-- Using RMW implementation 'rmw_fastrtps_cpp' as default
-- Found std_msgs: 5.0.0 (/opt/ros/iron/share/std_msgs/cmake)
-- Found std_srvs: 5.0.0 (/opt/ros/iron/share/std_srvs/cmake)
-- Found geometry_msgs: 5.0.0 (/opt/ros/iron/share/geometry_msgs/cmake)
-- Found visualization_msgs: 5.0.0 (/opt/ros/iron/share/visualization_msgs/cmake)
-- Found tf2: 0.31.5 (/opt/ros/iron/share/tf2/cmake)
-- Found tf2_ros: 0.31.5 (/opt/ros/iron/share/tf2_ros/cmake)
-- Found tf2_geometry_msgs: 0.31.5 (/opt/ros/iron/share/tf2_geometry_msgs/cmake)
-- Found eigen3_cmake_module: 0.2.2 (/opt/ros/iron/share/eigen3_cmake_module/cmake)
-- Found Eigen3: TRUE (found version "3.4.90") 
-- Ensuring Eigen3 include directory is part of orocos-kdl CMake target
-- Found rosidl_default_generators: 1.5.0 (/opt/ros/iron/share/rosidl_default_generators/cmake)
-- Found rosidl_adapter: 4.0.1 (/opt/ros/iron/share/rosidl_adapter/cmake)
-- Found nuturtlebot_msgs: 0.0.2 (/home/graham/classes/Q2/ME495/ws/install/nuturtlebot_msgs/share/nuturtlebot_msgs/cmake)
-- Found ament_cmake_ros: 0.11.2 (/opt/ros/iron/share/ament_cmake_ros/cmake)
-- Using all available rosidl_typesupport_c: rosidl_typesupport_fastrtps_c;rosidl_typesupport_introspection_c
-- Using all available rosidl_typesupport_cpp: rosidl_typesupport_fastrtps_cpp;rosidl_typesupport_introspection_cpp
-- Found PythonInterp: /usr/bin/python3 (found suitable version "3.10.12", minimum required is "3.6") 
-- Found python_cmake_module: 0.10.2 (/opt/ros/iron/share/python_cmake_module/cmake)
-- Found PythonLibs: /usr/lib/x86_64-linux-gnu/libpython3.10.so (found suitable version "3.10.12", minimum required is "3.5") 
-- Using PYTHON_EXECUTABLE: /usr/bin/python3
-- Using PYTHON_INCLUDE_DIRS: /usr/include/python3.10
-- Using PYTHON_LIBRARIES: /usr/lib/x86_64-linux-gnu/libpython3.10.so
-- Found PythonExtra: .so  
-- Found ament_lint_auto: 0.14.2 (/opt/ros/iron/share/ament_lint_auto/cmake)
-- Added test 'cppcheck' to perform static code analysis on C / C++ code
-- Configured cppcheck include dirs: 
-- Configured cppcheck exclude dirs and/or files: 
-- Added test 'lint_cmake' to check CMake code style
-- Added test 'uncrustify' to check C / C++ code style
-- Configured uncrustify additional arguments: 
-- Added test 'xmllint' to check XML markup files
-- Configuring done
-- Generating done
-- Build files have been written to: /home/graham/classes/Q2/ME495/ws/src/slam-project-gjcliff/build/nusim
[  2%] [34m[1mGenerating type hashes for ROS interfaces[0m
[  2%] Built target ament_cmake_python_copy_nusim
[  2%] Built target nusim__rosidl_generator_type_description
[  5%] [34m[1mGenerating C code for ROS interfaces[0m
[  8%] [34m[1mGenerating C++ code for ROS interfaces[0m
running egg_info
creating nusim.egg-info
writing nusim.egg-info/PKG-INFO
writing dependency_links to nusim.egg-info/dependency_links.txt
writing top-level names to nusim.egg-info/top_level.txt
writing manifest file 'nusim.egg-info/SOURCES.txt'
reading manifest file 'nusim.egg-info/SOURCES.txt'
writing manifest file 'nusim.egg-info/SOURCES.txt'
[  8%] Built target ament_cmake_python_build_nusim_egg
[  8%] Built target nusim__cpp
[ 11%] [32mBuilding C object CMakeFiles/nusim__rosidl_generator_c.dir/rosidl_generator_c/nusim/srv/detail/teleport__description.c.o[0m
[ 13%] [32mBuilding C object CMakeFiles/nusim__rosidl_generator_c.dir/rosidl_generator_c/nusim/srv/detail/teleport__functions.c.o[0m
[ 16%] [32mBuilding C object CMakeFiles/nusim__rosidl_generator_c.dir/rosidl_generator_c/nusim/srv/detail/teleport__type_support.c.o[0m
[ 19%] [32m[1mLinking C shared library libnusim__rosidl_generator_c.so[0m
[ 19%] Built target nusim__rosidl_generator_c
[ 27%] [34m[1mGenerating C introspection for ROS interfaces[0m
[ 27%] [34m[1mGenerating C++ introspection for ROS interfaces[0m
[ 27%] [34m[1mGenerating C type support dispatch for ROS interfaces[0m
[ 30%] [34m[1mGenerating C type support for eProsima Fast-RTPS[0m
[ 36%] [34m[1mGenerating C++ type support for eProsima Fast-RTPS[0m
[ 36%] [34m[1mGenerating C++ type support dispatch for ROS interfaces[0m
[ 38%] [32mBuilding CXX object CMakeFiles/nusim__rosidl_typesupport_c.dir/rosidl_typesupport_c/nusim/srv/teleport__type_support.cpp.o[0m
[ 41%] [32mBuilding CXX object CMakeFiles/nusim__rosidl_typesupport_introspection_cpp.dir/rosidl_typesupport_introspection_cpp/nusim/srv/detail/teleport__type_support.cpp.o[0m
[ 44%] [32mBuilding C object CMakeFiles/nusim__rosidl_typesupport_introspection_c.dir/rosidl_typesupport_introspection_c/nusim/srv/detail/teleport__type_support.c.o[0m
[ 47%] [32m[1mLinking CXX shared library libnusim__rosidl_typesupport_c.so[0m
[ 50%] [32mBuilding CXX object CMakeFiles/nusim__rosidl_typesupport_fastrtps_c.dir/rosidl_typesupport_fastrtps_c/nusim/srv/detail/teleport__type_support_c.cpp.o[0m
[ 50%] Built target nusim__rosidl_typesupport_c
[ 52%] [32m[1mLinking C shared library libnusim__rosidl_typesupport_introspection_c.so[0m
[ 52%] Built target nusim__rosidl_typesupport_introspection_c
[ 55%] [32mBuilding CXX object CMakeFiles/nusim__rosidl_typesupport_cpp.dir/rosidl_typesupport_cpp/nusim/srv/teleport__type_support.cpp.o[0m
[ 58%] [32mBuilding CXX object CMakeFiles/nusim__rosidl_typesupport_fastrtps_cpp.dir/rosidl_typesupport_fastrtps_cpp/nusim/srv/detail/dds_fastrtps/teleport__type_support.cpp.o[0m
[ 61%] [32m[1mLinking CXX shared library libnusim__rosidl_typesupport_cpp.so[0m
[ 61%] Built target nusim__rosidl_typesupport_cpp
[ 63%] [32mBuilding CXX object CMakeFiles/nusim_exec.dir/src/nusim.cpp.o[0m
[ 66%] [32m[1mLinking CXX shared library libnusim__rosidl_typesupport_fastrtps_c.so[0m
[ 66%] Built target nusim__rosidl_typesupport_fastrtps_c
[ 69%] [32m[1mLinking CXX shared library libnusim__rosidl_typesupport_introspection_cpp.so[0m
[ 72%] [32m[1mLinking CXX shared library libnusim__rosidl_typesupport_fastrtps_cpp.so[0m
[ 72%] Built target nusim__rosidl_typesupport_introspection_cpp
[ 72%] Built target nusim__rosidl_typesupport_fastrtps_cpp
[ 72%] Built target nusim
[ 75%] [34m[1mGenerating Python code for ROS interfaces[0m
[ 75%] Built target nusim__py
[ 77%] [32mBuilding C object CMakeFiles/nusim__rosidl_generator_py.dir/rosidl_generator_py/nusim/srv/_teleport_s.c.o[0m
[ 80%] [32m[1mLinking C shared library rosidl_generator_py/nusim/libnusim__rosidl_generator_py.so[0m
[ 80%] Built target nusim__rosidl_generator_py
[ 83%] [32mBuilding C object CMakeFiles/nusim__rosidl_typesupport_fastrtps_c__pyext.dir/rosidl_generator_py/nusim/_nusim_s.ep.rosidl_typesupport_fastrtps_c.c.o[0m
[ 86%] [32mBuilding C object CMakeFiles/nusim__rosidl_typesupport_introspection_c__pyext.dir/rosidl_generator_py/nusim/_nusim_s.ep.rosidl_typesupport_introspection_c.c.o[0m
[ 88%] [32mBuilding C object CMakeFiles/nusim__rosidl_typesupport_c__pyext.dir/rosidl_generator_py/nusim/_nusim_s.ep.rosidl_typesupport_c.c.o[0m
[ 97%] [32m[1mLinking C shared library rosidl_generator_py/nusim/nusim_s__rosidl_typesupport_fastrtps_c.cpython-310-x86_64-linux-gnu.so[0m
[ 97%] [32m[1mLinking C shared library rosidl_generator_py/nusim/nusim_s__rosidl_typesupport_c.cpython-310-x86_64-linux-gnu.so[0m
[ 97%] [32m[1mLinking C shared library rosidl_generator_py/nusim/nusim_s__rosidl_typesupport_introspection_c.cpython-310-x86_64-linux-gnu.so[0m
[ 97%] Built target nusim__rosidl_typesupport_c__pyext
[ 97%] Built target nusim__rosidl_typesupport_fastrtps_c__pyext
[ 97%] Built target nusim__rosidl_typesupport_introspection_c__pyext
[100%] [32m[1mLinking CXX executable nusim_exec[0m
[100%] Built target nusim_exec
-- Install configuration: "Debug"
-- Installing: /home/graham/classes/Q2/ME495/ws/src/slam-project-gjcliff/install/nusim/share/ament_index/resource_index/rosidl_interfaces/nusim
-- Installing: /home/graham/classes/Q2/ME495/ws/src/slam-project-gjcliff/install/nusim/share/nusim/srv/Teleport.json
-- Installing: /home/graham/classes/Q2/ME495/ws/src/slam-project-gjcliff/install/nusim/include/nusim/nusim
-- Installing: /home/graham/classes/Q2/ME495/ws/src/slam-project-gjcliff/install/nusim/include/nusim/nusim/srv
-- Installing: /home/graham/classes/Q2/ME495/ws/src/slam-project-gjcliff/install/nusim/include/nusim/nusim/srv/teleport.h
-- Installing: /home/graham/classes/Q2/ME495/ws/src/slam-project-gjcliff/install/nusim/include/nusim/nusim/srv/detail
-- Installing: /home/graham/classes/Q2/ME495/ws/src/slam-project-gjcliff/install/nusim/include/nusim/nusim/srv/detail/teleport__functions.c
-- Installing: /home/graham/classes/Q2/ME495/ws/src/slam-project-gjcliff/install/nusim/include/nusim/nusim/srv/detail/teleport__struct.h
-- Installing: /home/graham/classes/Q2/ME495/ws/src/slam-project-gjcliff/install/nusim/include/nusim/nusim/srv/detail/teleport__functions.h
-- Installing: /home/graham/classes/Q2/ME495/ws/src/slam-project-gjcliff/install/nusim/include/nusim/nusim/srv/detail/teleport__type_support.c
-- Installing: /home/graham/classes/Q2/ME495/ws/src/slam-project-gjcliff/install/nusim/include/nusim/nusim/srv/detail/teleport__description.c
-- Installing: /home/graham/classes/Q2/ME495/ws/src/slam-project-gjcliff/install/nusim/include/nusim/nusim/srv/detail/teleport__type_support.h
-- Installing: /home/graham/classes/Q2/ME495/ws/src/slam-project-gjcliff/install/nusim/include/nusim/nusim/msg
-- Installing: /home/graham/classes/Q2/ME495/ws/src/slam-project-gjcliff/install/nusim/include/nusim/nusim/msg/rosidl_generator_c__visibility_control.h
-- Installing: /home/graham/classes/Q2/ME495/ws/src/slam-project-gjcliff/install/nusim/share/nusim/environment/library_path.sh
-- Installing: /home/graham/classes/Q2/ME495/ws/src/slam-project-gjcliff/install/nusim/share/nusim/environment/library_path.dsv
-- Installing: /home/graham/classes/Q2/ME495/ws/src/slam-project-gjcliff/install/nusim/lib/libnusim__rosidl_generator_c.so
-- Set runtime path of "/home/graham/classes/Q2/ME495/ws/src/slam-project-gjcliff/install/nusim/lib/libnusim__rosidl_generator_c.so" to ""
-- Up-to-date: /home/graham/classes/Q2/ME495/ws/src/slam-project-gjcliff/install/nusim/include/nusim/nusim
-- Up-to-date: /home/graham/classes/Q2/ME495/ws/src/slam-project-gjcliff/install/nusim/include/nusim/nusim/srv
-- Up-to-date: /home/graham/classes/Q2/ME495/ws/src/slam-project-gjcliff/install/nusim/include/nusim/nusim/srv/detail
-- Installing: /home/graham/classes/Q2/ME495/ws/src/slam-project-gjcliff/install/nusim/include/nusim/nusim/srv/detail/teleport__rosidl_typesupport_fastrtps_c.h
-- Up-to-date: /home/graham/classes/Q2/ME495/ws/src/slam-project-gjcliff/install/nusim/include/nusim/nusim/msg
-- Installing: /home/graham/classes/Q2/ME495/ws/src/slam-project-gjcliff/install/nusim/include/nusim/nusim/msg/rosidl_typesupport_fastrtps_c__visibility_control.h
-- Installing: /home/graham/classes/Q2/ME495/ws/src/slam-project-gjcliff/install/nusim/lib/libnusim__rosidl_typesupport_fastrtps_c.so
-- Set runtime path of "/home/graham/classes/Q2/ME495/ws/src/slam-project-gjcliff/install/nusim/lib/libnusim__rosidl_typesupport_fastrtps_c.so" to ""
-- Up-to-date: /home/graham/classes/Q2/ME495/ws/src/slam-project-gjcliff/install/nusim/include/nusim/nusim
-- Up-to-date: /home/graham/classes/Q2/ME495/ws/src/slam-project-gjcliff/install/nusim/include/nusim/nusim/srv
-- Installing: /home/graham/classes/Q2/ME495/ws/src/slam-project-gjcliff/install/nusim/include/nusim/nusim/srv/teleport.hpp
-- Up-to-date: /home/graham/classes/Q2/ME495/ws/src/slam-project-gjcliff/install/nusim/include/nusim/nusim/srv/detail
-- Installing: /home/graham/classes/Q2/ME495/ws/src/slam-project-gjcliff/install/nusim/include/nusim/nusim/srv/detail/teleport__struct.hpp
-- Installing: /home/graham/classes/Q2/ME495/ws/src/slam-project-gjcliff/install/nusim/include/nusim/nusim/srv/detail/teleport__builder.hpp
-- Installing: /home/graham/classes/Q2/ME495/ws/src/slam-project-gjcliff/install/nusim/include/nusim/nusim/srv/detail/teleport__traits.hpp
-- Up-to-date: /home/graham/classes/Q2/ME495/ws/src/slam-project-gjcliff/install/nusim/include/nusim/nusim
-- Up-to-date: /home/graham/classes/Q2/ME495/ws/src/slam-project-gjcliff/install/nusim/include/nusim/nusim/srv
-- Up-to-date: /home/graham/classes/Q2/ME495/ws/src/slam-project-gjcliff/install/nusim/include/nusim/nusim/srv/detail
-- Installing: /home/graham/classes/Q2/ME495/ws/src/slam-project-gjcliff/install/nusim/include/nusim/nusim/srv/detail/teleport__rosidl_typesupport_fastrtps_cpp.hpp
-- Installing: /home/graham/classes/Q2/ME495/ws/src/slam-project-gjcliff/install/nusim/include/nusim/nusim/srv/detail/dds_fastrtps
-- Up-to-date: /home/graham/classes/Q2/ME495/ws/src/slam-project-gjcliff/install/nusim/include/nusim/nusim/msg
-- Installing: /home/graham/classes/Q2/ME495/ws/src/slam-project-gjcliff/install/nusim/include/nusim/nusim/msg/rosidl_typesupport_fastrtps_cpp__visibility_control.h
-- Installing: /home/graham/classes/Q2/ME495/ws/src/slam-project-gjcliff/install/nusim/lib/libnusim__rosidl_typesupport_fastrtps_cpp.so
-- Set runtime path of "/home/graham/classes/Q2/ME495/ws/src/slam-project-gjcliff/install/nusim/lib/libnusim__rosidl_typesupport_fastrtps_cpp.so" to ""
-- Up-to-date: /home/graham/classes/Q2/ME495/ws/src/slam-project-gjcliff/install/nusim/include/nusim/nusim
-- Up-to-date: /home/graham/classes/Q2/ME495/ws/src/slam-project-gjcliff/install/nusim/include/nusim/nusim/srv
-- Up-to-date: /home/graham/classes/Q2/ME495/ws/src/slam-project-gjcliff/install/nusim/include/nusim/nusim/srv/detail
-- Installing: /home/graham/classes/Q2/ME495/ws/src/slam-project-gjcliff/install/nusim/include/nusim/nusim/srv/detail/teleport__rosidl_typesupport_introspection_c.h
-- Up-to-date: /home/graham/classes/Q2/ME495/ws/src/slam-project-gjcliff/install/nusim/include/nusim/nusim/srv/detail/teleport__type_support.c
-- Up-to-date: /home/graham/classes/Q2/ME495/ws/src/slam-project-gjcliff/install/nusim/include/nusim/nusim/msg
-- Installing: /home/graham/classes/Q2/ME495/ws/src/slam-project-gjcliff/install/nusim/include/nusim/nusim/msg/rosidl_typesupport_introspection_c__visibility_control.h
-- Installing: /home/graham/classes/Q2/ME495/ws/src/slam-project-gjcliff/install/nusim/lib/libnusim__rosidl_typesupport_introspection_c.so
-- Set runtime path of "/home/graham/classes/Q2/ME495/ws/src/slam-project-gjcliff/install/nusim/lib/libnusim__rosidl_typesupport_introspection_c.so" to ""
-- Installing: /home/graham/classes/Q2/ME495/ws/src/slam-project-gjcliff/install/nusim/lib/libnusim__rosidl_typesupport_c.so
-- Set runtime path of "/home/graham/classes/Q2/ME495/ws/src/slam-project-gjcliff/install/nusim/lib/libnusim__rosidl_typesupport_c.so" to ""
-- Up-to-date: /home/graham/classes/Q2/ME495/ws/src/slam-project-gjcliff/install/nusim/include/nusim/nusim
-- Up-to-date: /home/graham/classes/Q2/ME495/ws/src/slam-project-gjcliff/install/nusim/include/nusim/nusim/srv
-- Up-to-date: /home/graham/classes/Q2/ME495/ws/src/slam-project-gjcliff/install/nusim/include/nusim/nusim/srv/detail
-- Installing: /home/graham/classes/Q2/ME495/ws/src/slam-project-gjcliff/install/nusim/include/nusim/nusim/srv/detail/teleport__rosidl_typesupport_introspection_cpp.hpp
-- Installing: /home/graham/classes/Q2/ME495/ws/src/slam-project-gjcliff/install/nusim/include/nusim/nusim/srv/detail/teleport__type_support.cpp
-- Installing: /home/graham/classes/Q2/ME495/ws/src/slam-project-gjcliff/install/nusim/lib/libnusim__rosidl_typesupport_introspection_cpp.so
-- Set runtime path of "/home/graham/classes/Q2/ME495/ws/src/slam-project-gjcliff/install/nusim/lib/libnusim__rosidl_typesupport_introspection_cpp.so" to ""
-- Installing: /home/graham/classes/Q2/ME495/ws/src/slam-project-gjcliff/install/nusim/lib/libnusim__rosidl_typesupport_cpp.so
-- Set runtime path of "/home/graham/classes/Q2/ME495/ws/src/slam-project-gjcliff/install/nusim/lib/libnusim__rosidl_typesupport_cpp.so" to ""
-- Installing: /home/graham/classes/Q2/ME495/ws/src/slam-project-gjcliff/install/nusim/share/nusim/environment/pythonpath.sh
-- Installing: /home/graham/classes/Q2/ME495/ws/src/slam-project-gjcliff/install/nusim/share/nusim/environment/pythonpath.dsv
-- Installing: /home/graham/classes/Q2/ME495/ws/src/slam-project-gjcliff/install/nusim/lib/python3.10/site-packages/nusim-0.1.2-py3.10.egg-info
-- Installing: /home/graham/classes/Q2/ME495/ws/src/slam-project-gjcliff/install/nusim/lib/python3.10/site-packages/nusim-0.1.2-py3.10.egg-info/dependency_links.txt
-- Installing: /home/graham/classes/Q2/ME495/ws/src/slam-project-gjcliff/install/nusim/lib/python3.10/site-packages/nusim-0.1.2-py3.10.egg-info/PKG-INFO
-- Installing: /home/graham/classes/Q2/ME495/ws/src/slam-project-gjcliff/install/nusim/lib/python3.10/site-packages/nusim-0.1.2-py3.10.egg-info/SOURCES.txt
-- Installing: /home/graham/classes/Q2/ME495/ws/src/slam-project-gjcliff/install/nusim/lib/python3.10/site-packages/nusim-0.1.2-py3.10.egg-info/top_level.txt
-- Installing: /home/graham/classes/Q2/ME495/ws/src/slam-project-gjcliff/install/nusim/lib/python3.10/site-packages/nusim
-- Installing: /home/graham/classes/Q2/ME495/ws/src/slam-project-gjcliff/install/nusim/lib/python3.10/site-packages/nusim/nusim_s__rosidl_typesupport_fastrtps_c.cpython-310-x86_64-linux-gnu.so
-- Installing: /home/graham/classes/Q2/ME495/ws/src/slam-project-gjcliff/install/nusim/lib/python3.10/site-packages/nusim/_nusim_s.ep.rosidl_typesupport_introspection_c.c
-- Installing: /home/graham/classes/Q2/ME495/ws/src/slam-project-gjcliff/install/nusim/lib/python3.10/site-packages/nusim/_nusim_s.ep.rosidl_typesupport_fastrtps_c.c
-- Installing: /home/graham/classes/Q2/ME495/ws/src/slam-project-gjcliff/install/nusim/lib/python3.10/site-packages/nusim/nusim_s__rosidl_typesupport_c.cpython-310-x86_64-linux-gnu.so
-- Installing: /home/graham/classes/Q2/ME495/ws/src/slam-project-gjcliff/install/nusim/lib/python3.10/site-packages/nusim/libnusim__rosidl_generator_py.so
-- Installing: /home/graham/classes/Q2/ME495/ws/src/slam-project-gjcliff/install/nusim/lib/python3.10/site-packages/nusim/_nusim_s.ep.rosidl_typesupport_c.c
-- Installing: /home/graham/classes/Q2/ME495/ws/src/slam-project-gjcliff/install/nusim/lib/python3.10/site-packages/nusim/nusim_s__rosidl_typesupport_introspection_c.cpython-310-x86_64-linux-gnu.so
-- Installing: /home/graham/classes/Q2/ME495/ws/src/slam-project-gjcliff/install/nusim/lib/python3.10/site-packages/nusim/srv
-- Installing: /home/graham/classes/Q2/ME495/ws/src/slam-project-gjcliff/install/nusim/lib/python3.10/site-packages/nusim/srv/_teleport.py
-- Installing: /home/graham/classes/Q2/ME495/ws/src/slam-project-gjcliff/install/nusim/lib/python3.10/site-packages/nusim/srv/_teleport_s.c
-- Installing: /home/graham/classes/Q2/ME495/ws/src/slam-project-gjcliff/install/nusim/lib/python3.10/site-packages/nusim/srv/__init__.py
-- Installing: /home/graham/classes/Q2/ME495/ws/src/slam-project-gjcliff/install/nusim/lib/python3.10/site-packages/nusim/__init__.py
Listing '/home/graham/classes/Q2/ME495/ws/src/slam-project-gjcliff/install/nusim/lib/python3.10/site-packages/nusim'...
Compiling '/home/graham/classes/Q2/ME495/ws/src/slam-project-gjcliff/install/nusim/lib/python3.10/site-packages/nusim/__init__.py'...
Listing '/home/graham/classes/Q2/ME495/ws/src/slam-project-gjcliff/install/nusim/lib/python3.10/site-packages/nusim/srv'...
Compiling '/home/graham/classes/Q2/ME495/ws/src/slam-project-gjcliff/install/nusim/lib/python3.10/site-packages/nusim/srv/__init__.py'...
Compiling '/home/graham/classes/Q2/ME495/ws/src/slam-project-gjcliff/install/nusim/lib/python3.10/site-packages/nusim/srv/_teleport.py'...
-- Installing: /home/graham/classes/Q2/ME495/ws/src/slam-project-gjcliff/install/nusim/lib/python3.10/site-packages/nusim/nusim_s__rosidl_typesupport_fastrtps_c.cpython-310-x86_64-linux-gnu.so
-- Set runtime path of "/home/graham/classes/Q2/ME495/ws/src/slam-project-gjcliff/install/nusim/lib/python3.10/site-packages/nusim/nusim_s__rosidl_typesupport_fastrtps_c.cpython-310-x86_64-linux-gnu.so" to ""
-- Installing: /home/graham/classes/Q2/ME495/ws/src/slam-project-gjcliff/install/nusim/lib/python3.10/site-packages/nusim/nusim_s__rosidl_typesupport_introspection_c.cpython-310-x86_64-linux-gnu.so
-- Set runtime path of "/home/graham/classes/Q2/ME495/ws/src/slam-project-gjcliff/install/nusim/lib/python3.10/site-packages/nusim/nusim_s__rosidl_typesupport_introspection_c.cpython-310-x86_64-linux-gnu.so" to ""
-- Installing: /home/graham/classes/Q2/ME495/ws/src/slam-project-gjcliff/install/nusim/lib/python3.10/site-packages/nusim/nusim_s__rosidl_typesupport_c.cpython-310-x86_64-linux-gnu.so
-- Set runtime path of "/home/graham/classes/Q2/ME495/ws/src/slam-project-gjcliff/install/nusim/lib/python3.10/site-packages/nusim/nusim_s__rosidl_typesupport_c.cpython-310-x86_64-linux-gnu.so" to ""
-- Installing: /home/graham/classes/Q2/ME495/ws/src/slam-project-gjcliff/install/nusim/lib/libnusim__rosidl_generator_py.so
-- Set runtime path of "/home/graham/classes/Q2/ME495/ws/src/slam-project-gjcliff/install/nusim/lib/libnusim__rosidl_generator_py.so" to ""
-- Installing: /home/graham/classes/Q2/ME495/ws/src/slam-project-gjcliff/install/nusim/share/nusim/srv/Teleport.idl
-- Installing: /home/graham/classes/Q2/ME495/ws/src/slam-project-gjcliff/install/nusim/share/nusim/srv/Teleport.srv
-- Installing: /home/graham/classes/Q2/ME495/ws/src/slam-project-gjcliff/install/nusim/share/nusim/srv/Teleport_Request.msg
-- Installing: /home/graham/classes/Q2/ME495/ws/src/slam-project-gjcliff/install/nusim/share/nusim/srv/Teleport_Response.msg
-- Installing: /home/graham/classes/Q2/ME495/ws/src/slam-project-gjcliff/install/nusim/lib/nusim/nusim_exec
-- Set runtime path of "/home/graham/classes/Q2/ME495/ws/src/slam-project-gjcliff/install/nusim/lib/nusim/nusim_exec" to ""
-- Installing: /home/graham/classes/Q2/ME495/ws/src/slam-project-gjcliff/install/nusim/share/nusim/launch
-- Installing: /home/graham/classes/Q2/ME495/ws/src/slam-project-gjcliff/install/nusim/share/nusim/launch/nusim.launch.xml
-- Installing: /home/graham/classes/Q2/ME495/ws/src/slam-project-gjcliff/install/nusim/share/nusim/config
-- Installing: /home/graham/classes/Q2/ME495/ws/src/slam-project-gjcliff/install/nusim/share/nusim/config/nuturtle_control_world.yaml
-- Installing: /home/graham/classes/Q2/ME495/ws/src/slam-project-gjcliff/install/nusim/share/nusim/config/basic_world.yaml
-- Installing: /home/graham/classes/Q2/ME495/ws/src/slam-project-gjcliff/install/nusim/share/nusim/config/nusim.rviz
-- Installing: /home/graham/classes/Q2/ME495/ws/src/slam-project-gjcliff/install/nusim/share/ament_index/resource_index/package_run_dependencies/nusim
-- Installing: /home/graham/classes/Q2/ME495/ws/src/slam-project-gjcliff/install/nusim/share/ament_index/resource_index/parent_prefix_path/nusim
-- Installing: /home/graham/classes/Q2/ME495/ws/src/slam-project-gjcliff/install/nusim/share/nusim/environment/ament_prefix_path.sh
-- Installing: /home/graham/classes/Q2/ME495/ws/src/slam-project-gjcliff/install/nusim/share/nusim/environment/ament_prefix_path.dsv
-- Installing: /home/graham/classes/Q2/ME495/ws/src/slam-project-gjcliff/install/nusim/share/nusim/environment/path.sh
-- Installing: /home/graham/classes/Q2/ME495/ws/src/slam-project-gjcliff/install/nusim/share/nusim/environment/path.dsv
-- Installing: /home/graham/classes/Q2/ME495/ws/src/slam-project-gjcliff/install/nusim/share/nusim/local_setup.bash
-- Installing: /home/graham/classes/Q2/ME495/ws/src/slam-project-gjcliff/install/nusim/share/nusim/local_setup.sh
-- Installing: /home/graham/classes/Q2/ME495/ws/src/slam-project-gjcliff/install/nusim/share/nusim/local_setup.zsh
-- Installing: /home/graham/classes/Q2/ME495/ws/src/slam-project-gjcliff/install/nusim/share/nusim/local_setup.dsv
-- Installing: /home/graham/classes/Q2/ME495/ws/src/slam-project-gjcliff/install/nusim/share/nusim/package.dsv
-- Installing: /home/graham/classes/Q2/ME495/ws/src/slam-project-gjcliff/install/nusim/share/ament_index/resource_index/packages/nusim
-- Installing: /home/graham/classes/Q2/ME495/ws/src/slam-project-gjcliff/install/nusim/share/nusim/cmake/export_nusim__rosidl_generator_cExport.cmake
-- Installing: /home/graham/classes/Q2/ME495/ws/src/slam-project-gjcliff/install/nusim/share/nusim/cmake/export_nusim__rosidl_generator_cExport-debug.cmake
-- Installing: /home/graham/classes/Q2/ME495/ws/src/slam-project-gjcliff/install/nusim/share/nusim/cmake/export_nusim__rosidl_typesupport_fastrtps_cExport.cmake
-- Installing: /home/graham/classes/Q2/ME495/ws/src/slam-project-gjcliff/install/nusim/share/nusim/cmake/export_nusim__rosidl_typesupport_fastrtps_cExport-debug.cmake
-- Installing: /home/graham/classes/Q2/ME495/ws/src/slam-project-gjcliff/install/nusim/share/nusim/cmake/export_nusim__rosidl_generator_cppExport.cmake
-- Installing: /home/graham/classes/Q2/ME495/ws/src/slam-project-gjcliff/install/nusim/share/nusim/cmake/export_nusim__rosidl_typesupport_fastrtps_cppExport.cmake
-- Installing: /home/graham/classes/Q2/ME495/ws/src/slam-project-gjcliff/install/nusim/share/nusim/cmake/export_nusim__rosidl_typesupport_fastrtps_cppExport-debug.cmake
-- Installing: /home/graham/classes/Q2/ME495/ws/src/slam-project-gjcliff/install/nusim/share/nusim/cmake/nusim__rosidl_typesupport_introspection_cExport.cmake
-- Installing: /home/graham/classes/Q2/ME495/ws/src/slam-project-gjcliff/install/nusim/share/nusim/cmake/nusim__rosidl_typesupport_introspection_cExport-debug.cmake
-- Installing: /home/graham/classes/Q2/ME495/ws/src/slam-project-gjcliff/install/nusim/share/nusim/cmake/nusim__rosidl_typesupport_cExport.cmake
-- Installing: /home/graham/classes/Q2/ME495/ws/src/slam-project-gjcliff/install/nusim/share/nusim/cmake/nusim__rosidl_typesupport_cExport-debug.cmake
-- Installing: /home/graham/classes/Q2/ME495/ws/src/slam-project-gjcliff/install/nusim/share/nusim/cmake/nusim__rosidl_typesupport_introspection_cppExport.cmake
-- Installing: /home/graham/classes/Q2/ME495/ws/src/slam-project-gjcliff/install/nusim/share/nusim/cmake/nusim__rosidl_typesupport_introspection_cppExport-debug.cmake
-- Installing: /home/graham/classes/Q2/ME495/ws/src/slam-project-gjcliff/install/nusim/share/nusim/cmake/nusim__rosidl_typesupport_cppExport.cmake
-- Installing: /home/graham/classes/Q2/ME495/ws/src/slam-project-gjcliff/install/nusim/share/nusim/cmake/nusim__rosidl_typesupport_cppExport-debug.cmake
-- Installing: /home/graham/classes/Q2/ME495/ws/src/slam-project-gjcliff/install/nusim/share/nusim/cmake/export_nusim__rosidl_generator_pyExport.cmake
-- Installing: /home/graham/classes/Q2/ME495/ws/src/slam-project-gjcliff/install/nusim/share/nusim/cmake/export_nusim__rosidl_generator_pyExport-debug.cmake
-- Installing: /home/graham/classes/Q2/ME495/ws/src/slam-project-gjcliff/install/nusim/share/nusim/cmake/rosidl_cmake-extras.cmake
-- Installing: /home/graham/classes/Q2/ME495/ws/src/slam-project-gjcliff/install/nusim/share/nusim/cmake/ament_cmake_export_dependencies-extras.cmake
-- Installing: /home/graham/classes/Q2/ME495/ws/src/slam-project-gjcliff/install/nusim/share/nusim/cmake/ament_cmake_export_include_directories-extras.cmake
-- Installing: /home/graham/classes/Q2/ME495/ws/src/slam-project-gjcliff/install/nusim/share/nusim/cmake/ament_cmake_export_libraries-extras.cmake
-- Installing: /home/graham/classes/Q2/ME495/ws/src/slam-project-gjcliff/install/nusim/share/nusim/cmake/ament_cmake_export_targets-extras.cmake
-- Installing: /home/graham/classes/Q2/ME495/ws/src/slam-project-gjcliff/install/nusim/share/nusim/cmake/rosidl_cmake_export_typesupport_targets-extras.cmake
-- Installing: /home/graham/classes/Q2/ME495/ws/src/slam-project-gjcliff/install/nusim/share/nusim/cmake/rosidl_cmake_export_typesupport_libraries-extras.cmake
-- Installing: /home/graham/classes/Q2/ME495/ws/src/slam-project-gjcliff/install/nusim/share/nusim/cmake/nusimConfig.cmake
-- Installing: /home/graham/classes/Q2/ME495/ws/src/slam-project-gjcliff/install/nusim/share/nusim/cmake/nusimConfig-version.cmake
-- Installing: /home/graham/classes/Q2/ME495/ws/src/slam-project-gjcliff/install/nusim/share/nusim/package.xml
