[0.187s] Invoking command in '/home/graham/classes/Q2/ME495/ws/src/slam-project-gjcliff/build/nusim': CMAKE_PREFIX_PATH=/home/graham/classes/Q2/ME495/ws/src/slam-project-gjcliff/install/turtlelib:/home/graham/classes/Q2/ME495/ws/install/nuturtle_control:/home/graham/classes/Q2/ME495/ws/install/nusim:/home/graham/classes/Q2/ME495/ws/install/turtlelib:/home/graham/classes/Q2/ME495/ws/install/numsr_turtlebot:/home/graham/classes/Q2/ME495/ws/install/nuturtlebot_msgs:/home/graham/classes/Q2/ME495/ws/install/nuturtle_description:/home/graham/ws/interbotix/install:/opt/ros/iron /home/graham/.local/bin/cmake /home/graham/classes/Q2/ME495/ws/src/slam-project-gjcliff/nusim -DCMAKE_INSTALL_PREFIX=/home/graham/classes/Q2/ME495/ws/src/slam-project-gjcliff/install/nusim
[0.247s] -- The C compiler identification is GNU 11.4.0
[0.290s] -- The CXX compiler identification is GNU 11.4.0
[0.297s] -- Detecting C compiler ABI info
[0.337s] -- Detecting C compiler ABI info - done
[0.346s] -- Check for working C compiler: /usr/bin/cc - skipped
[0.346s] -- Detecting C compile features
[0.346s] -- Detecting C compile features - done
[0.349s] -- Detecting CXX compiler ABI info
[0.395s] -- Detecting CXX compiler ABI info - done
[0.404s] -- Check for working CXX compiler: /usr/bin/c++ - skipped
[0.405s] -- Detecting CXX compile features
[0.405s] -- Detecting CXX compile features - done
[0.407s] -- Found ament_cmake: 2.0.3 (/opt/ros/iron/share/ament_cmake/cmake)
[0.972s] -- Found Python3: /usr/bin/python3.10 (found version "3.10.12") found components: Interpreter 
[1.051s] -- Found rclcpp: 21.0.4 (/opt/ros/iron/share/rclcpp/cmake)
[1.098s] -- Found rosidl_generator_c: 4.0.1 (/opt/ros/iron/share/rosidl_generator_c/cmake)
[1.111s] -- Found rosidl_generator_cpp: 4.0.1 (/opt/ros/iron/share/rosidl_generator_cpp/cmake)
[1.128s] -- Using all available rosidl_typesupport_c: rosidl_typesupport_fastrtps_c;rosidl_typesupport_introspection_c
[1.150s] -- Using all available rosidl_typesupport_cpp: rosidl_typesupport_fastrtps_cpp;rosidl_typesupport_introspection_cpp
[1.316s] -- Found rmw_implementation_cmake: 7.1.0 (/opt/ros/iron/share/rmw_implementation_cmake/cmake)
[1.318s] -- Found rmw_fastrtps_cpp: 7.1.2 (/opt/ros/iron/share/rmw_fastrtps_cpp/cmake)
[1.413s] -- Found OpenSSL: /usr/lib/x86_64-linux-gnu/libcrypto.so (found version "3.0.2")  
[1.439s] -- Found FastRTPS: /opt/ros/iron/include  
[1.482s] -- Using RMW implementation 'rmw_fastrtps_cpp' as default
[1.654s] -- Found std_msgs: 5.0.0 (/opt/ros/iron/share/std_msgs/cmake)
[1.687s] -- Found std_srvs: 5.0.0 (/opt/ros/iron/share/std_srvs/cmake)
[1.737s] -- Found geometry_msgs: 5.0.0 (/opt/ros/iron/share/geometry_msgs/cmake)
[1.789s] -- Found visualization_msgs: 5.0.0 (/opt/ros/iron/share/visualization_msgs/cmake)
[2.072s] -- Found tf2: 0.31.5 (/opt/ros/iron/share/tf2/cmake)
[2.086s] -- Found tf2_ros: 0.31.5 (/opt/ros/iron/share/tf2_ros/cmake)
[2.503s] -- Found tf2_geometry_msgs: 0.31.5 (/opt/ros/iron/share/tf2_geometry_msgs/cmake)
[2.516s] -- Found eigen3_cmake_module: 0.2.2 (/opt/ros/iron/share/eigen3_cmake_module/cmake)
[2.517s] -- Found Eigen3: TRUE (found version "3.4.90") 
[2.517s] -- Ensuring Eigen3 include directory is part of orocos-kdl CMake target
[2.527s] -- Found rosidl_default_generators: 1.5.0 (/opt/ros/iron/share/rosidl_default_generators/cmake)
[2.541s] -- Found rosidl_adapter: 4.0.1 (/opt/ros/iron/share/rosidl_adapter/cmake)
[2.546s] -- Found nuturtlebot_msgs: 0.0.2 (/home/graham/classes/Q2/ME495/ws/install/nuturtlebot_msgs/share/nuturtlebot_msgs/cmake)
[2.772s] -- Found ament_cmake_ros: 0.11.2 (/opt/ros/iron/share/ament_cmake_ros/cmake)
[2.906s] -- Using all available rosidl_typesupport_c: rosidl_typesupport_fastrtps_c;rosidl_typesupport_introspection_c
[2.957s] -- Using all available rosidl_typesupport_cpp: rosidl_typesupport_fastrtps_cpp;rosidl_typesupport_introspection_cpp
[2.979s] -- Found PythonInterp: /usr/bin/python3 (found suitable version "3.10.12", minimum required is "3.6") 
[2.981s] -- Found python_cmake_module: 0.10.2 (/opt/ros/iron/share/python_cmake_module/cmake)
[3.010s] -- Found PythonLibs: /usr/lib/x86_64-linux-gnu/libpython3.10.so (found suitable version "3.10.12", minimum required is "3.5") 
[3.010s] -- Using PYTHON_EXECUTABLE: /usr/bin/python3
[3.010s] -- Using PYTHON_INCLUDE_DIRS: /usr/include/python3.10
[3.010s] -- Using PYTHON_LIBRARIES: /usr/lib/x86_64-linux-gnu/libpython3.10.so
[3.034s] -- Found PythonExtra: .so  
[3.080s] -- Found ament_lint_auto: 0.14.2 (/opt/ros/iron/share/ament_lint_auto/cmake)
[3.101s] -- Added test 'cppcheck' to perform static code analysis on C / C++ code
[3.101s] -- Configured cppcheck include dirs: 
[3.101s] -- Configured cppcheck exclude dirs and/or files: 
[3.102s] -- Added test 'lint_cmake' to check CMake code style
[3.104s] -- Added test 'uncrustify' to check C / C++ code style
[3.104s] -- Configured uncrustify additional arguments: 
[3.105s] -- Added test 'xmllint' to check XML markup files
[3.108s] -- Configuring done
[3.147s] -- Generating done
[3.150s] -- Build files have been written to: /home/graham/classes/Q2/ME495/ws/src/slam-project-gjcliff/build/nusim
[3.164s] Invoked command in '/home/graham/classes/Q2/ME495/ws/src/slam-project-gjcliff/build/nusim' returned '0': CMAKE_PREFIX_PATH=/home/graham/classes/Q2/ME495/ws/src/slam-project-gjcliff/install/turtlelib:/home/graham/classes/Q2/ME495/ws/install/nuturtle_control:/home/graham/classes/Q2/ME495/ws/install/nusim:/home/graham/classes/Q2/ME495/ws/install/turtlelib:/home/graham/classes/Q2/ME495/ws/install/numsr_turtlebot:/home/graham/classes/Q2/ME495/ws/install/nuturtlebot_msgs:/home/graham/classes/Q2/ME495/ws/install/nuturtle_description:/home/graham/ws/interbotix/install:/opt/ros/iron /home/graham/.local/bin/cmake /home/graham/classes/Q2/ME495/ws/src/slam-project-gjcliff/nusim -DCMAKE_INSTALL_PREFIX=/home/graham/classes/Q2/ME495/ws/src/slam-project-gjcliff/install/nusim
[3.166s] Invoking command in '/home/graham/classes/Q2/ME495/ws/src/slam-project-gjcliff/build/nusim': CMAKE_PREFIX_PATH=/home/graham/classes/Q2/ME495/ws/src/slam-project-gjcliff/install/turtlelib:/home/graham/classes/Q2/ME495/ws/install/nuturtle_control:/home/graham/classes/Q2/ME495/ws/install/nusim:/home/graham/classes/Q2/ME495/ws/install/turtlelib:/home/graham/classes/Q2/ME495/ws/install/numsr_turtlebot:/home/graham/classes/Q2/ME495/ws/install/nuturtlebot_msgs:/home/graham/classes/Q2/ME495/ws/install/nuturtle_description:/home/graham/ws/interbotix/install:/opt/ros/iron /home/graham/.local/bin/cmake --build /home/graham/classes/Q2/ME495/ws/src/slam-project-gjcliff/build/nusim -- -j32 -l32
[3.208s] [  2%] [34m[1mGenerating type hashes for ROS interfaces[0m
[3.209s] [  2%] Built target ament_cmake_python_copy_nusim
[3.378s] [  2%] Built target nusim__rosidl_generator_type_description
[3.380s] [  5%] [34m[1mGenerating C code for ROS interfaces[0m
[3.383s] [  8%] [34m[1mGenerating C++ code for ROS interfaces[0m
[3.481s] running egg_info
[3.481s] creating nusim.egg-info
[3.481s] writing nusim.egg-info/PKG-INFO
[3.481s] writing dependency_links to nusim.egg-info/dependency_links.txt
[3.481s] writing top-level names to nusim.egg-info/top_level.txt
[3.482s] writing manifest file 'nusim.egg-info/SOURCES.txt'
[3.483s] reading manifest file 'nusim.egg-info/SOURCES.txt'
[3.483s] writing manifest file 'nusim.egg-info/SOURCES.txt'
[3.497s] [  8%] Built target ament_cmake_python_build_nusim_egg
[3.521s] [  8%] Built target nusim__cpp
[3.574s] [ 11%] [32mBuilding C object CMakeFiles/nusim__rosidl_generator_c.dir/rosidl_generator_c/nusim/srv/detail/teleport__description.c.o[0m
[3.574s] [ 13%] [32mBuilding C object CMakeFiles/nusim__rosidl_generator_c.dir/rosidl_generator_c/nusim/srv/detail/teleport__functions.c.o[0m
[3.574s] [ 16%] [32mBuilding C object CMakeFiles/nusim__rosidl_generator_c.dir/rosidl_generator_c/nusim/srv/detail/teleport__type_support.c.o[0m
[3.628s] [ 19%] [32m[1mLinking C shared library libnusim__rosidl_generator_c.so[0m
[3.646s] [ 19%] Built target nusim__rosidl_generator_c
[3.650s] [ 27%] [34m[1mGenerating C introspection for ROS interfaces[0m
[3.650s] [ 27%] [34m[1mGenerating C++ introspection for ROS interfaces[0m
[3.651s] [ 27%] [34m[1mGenerating C type support dispatch for ROS interfaces[0m
[3.651s] [ 30%] [34m[1mGenerating C type support for eProsima Fast-RTPS[0m
[3.651s] [ 36%] [34m[1mGenerating C++ type support for eProsima Fast-RTPS[0m
[3.651s] [ 36%] [34m[1mGenerating C++ type support dispatch for ROS interfaces[0m
[3.772s] [ 38%] [32mBuilding CXX object CMakeFiles/nusim__rosidl_typesupport_c.dir/rosidl_typesupport_c/nusim/srv/teleport__type_support.cpp.o[0m
[3.787s] [ 41%] [32mBuilding CXX object CMakeFiles/nusim__rosidl_typesupport_introspection_cpp.dir/rosidl_typesupport_introspection_cpp/nusim/srv/detail/teleport__type_support.cpp.o[0m
[3.790s] [ 44%] [32mBuilding C object CMakeFiles/nusim__rosidl_typesupport_introspection_c.dir/rosidl_typesupport_introspection_c/nusim/srv/detail/teleport__type_support.c.o[0m
[3.795s] [ 47%] [32m[1mLinking CXX shared library libnusim__rosidl_typesupport_c.so[0m
[3.815s] [ 50%] [32mBuilding CXX object CMakeFiles/nusim__rosidl_typesupport_fastrtps_c.dir/rosidl_typesupport_fastrtps_c/nusim/srv/detail/teleport__type_support_c.cpp.o[0m
[3.816s] [ 50%] Built target nusim__rosidl_typesupport_c
[3.823s] [ 52%] [32m[1mLinking C shared library libnusim__rosidl_typesupport_introspection_c.so[0m
[3.838s] [ 52%] Built target nusim__rosidl_typesupport_introspection_c
[3.852s] [ 55%] [32mBuilding CXX object CMakeFiles/nusim__rosidl_typesupport_cpp.dir/rosidl_typesupport_cpp/nusim/srv/teleport__type_support.cpp.o[0m
[3.887s] [ 58%] [32mBuilding CXX object CMakeFiles/nusim__rosidl_typesupport_fastrtps_cpp.dir/rosidl_typesupport_fastrtps_cpp/nusim/srv/detail/dds_fastrtps/teleport__type_support.cpp.o[0m
[4.085s] [ 61%] [32m[1mLinking CXX shared library libnusim__rosidl_typesupport_cpp.so[0m
[4.125s] [ 61%] Built target nusim__rosidl_typesupport_cpp
[4.131s] [ 63%] [32mBuilding CXX object CMakeFiles/nusim_exec.dir/src/nusim.cpp.o[0m
[4.141s] [ 66%] [32m[1mLinking CXX shared library libnusim__rosidl_typesupport_fastrtps_c.so[0m
[4.190s] [ 66%] Built target nusim__rosidl_typesupport_fastrtps_c
[4.213s] [ 69%] [32m[1mLinking CXX shared library libnusim__rosidl_typesupport_introspection_cpp.so[0m
[4.264s] [ 72%] [32m[1mLinking CXX shared library libnusim__rosidl_typesupport_fastrtps_cpp.so[0m
[4.265s] [ 72%] Built target nusim__rosidl_typesupport_introspection_cpp
[4.319s] [ 72%] Built target nusim__rosidl_typesupport_fastrtps_cpp
[4.327s] [ 72%] Built target nusim
[4.335s] [ 75%] [34m[1mGenerating Python code for ROS interfaces[0m
[4.588s] [ 75%] Built target nusim__py
[4.594s] [ 77%] [32mBuilding C object CMakeFiles/nusim__rosidl_generator_py.dir/rosidl_generator_py/nusim/srv/_teleport_s.c.o[0m
[4.686s] [ 80%] [32m[1mLinking C shared library rosidl_generator_py/nusim/libnusim__rosidl_generator_py.so[0m
[4.708s] [ 80%] Built target nusim__rosidl_generator_py
[4.716s] [ 83%] [32mBuilding C object CMakeFiles/nusim__rosidl_typesupport_fastrtps_c__pyext.dir/rosidl_generator_py/nusim/_nusim_s.ep.rosidl_typesupport_fastrtps_c.c.o[0m
[4.716s] [ 86%] [32mBuilding C object CMakeFiles/nusim__rosidl_typesupport_introspection_c__pyext.dir/rosidl_generator_py/nusim/_nusim_s.ep.rosidl_typesupport_introspection_c.c.o[0m
[4.717s] [ 88%] [32mBuilding C object CMakeFiles/nusim__rosidl_typesupport_c__pyext.dir/rosidl_generator_py/nusim/_nusim_s.ep.rosidl_typesupport_c.c.o[0m
[4.805s] [ 97%] [32m[1mLinking C shared library rosidl_generator_py/nusim/nusim_s__rosidl_typesupport_fastrtps_c.cpython-310-x86_64-linux-gnu.so[0m
[4.805s] [ 97%] [32m[1mLinking C shared library rosidl_generator_py/nusim/nusim_s__rosidl_typesupport_c.cpython-310-x86_64-linux-gnu.so[0m
[4.805s] [ 97%] [32m[1mLinking C shared library rosidl_generator_py/nusim/nusim_s__rosidl_typesupport_introspection_c.cpython-310-x86_64-linux-gnu.so[0m
[4.827s] [ 97%] Built target nusim__rosidl_typesupport_c__pyext
[4.827s] [ 97%] Built target nusim__rosidl_typesupport_fastrtps_c__pyext
[4.827s] [ 97%] Built target nusim__rosidl_typesupport_introspection_c__pyext
[13.286s] [100%] [32m[1mLinking CXX executable nusim_exec[0m
[13.808s] [100%] Built target nusim_exec
[13.824s] Invoked command in '/home/graham/classes/Q2/ME495/ws/src/slam-project-gjcliff/build/nusim' returned '0': CMAKE_PREFIX_PATH=/home/graham/classes/Q2/ME495/ws/src/slam-project-gjcliff/install/turtlelib:/home/graham/classes/Q2/ME495/ws/install/nuturtle_control:/home/graham/classes/Q2/ME495/ws/install/nusim:/home/graham/classes/Q2/ME495/ws/install/turtlelib:/home/graham/classes/Q2/ME495/ws/install/numsr_turtlebot:/home/graham/classes/Q2/ME495/ws/install/nuturtlebot_msgs:/home/graham/classes/Q2/ME495/ws/install/nuturtle_description:/home/graham/ws/interbotix/install:/opt/ros/iron /home/graham/.local/bin/cmake --build /home/graham/classes/Q2/ME495/ws/src/slam-project-gjcliff/build/nusim -- -j32 -l32
[13.907s] Invoking command in '/home/graham/classes/Q2/ME495/ws/src/slam-project-gjcliff/build/nusim': CMAKE_PREFIX_PATH=/home/graham/classes/Q2/ME495/ws/src/slam-project-gjcliff/install/turtlelib:/home/graham/classes/Q2/ME495/ws/install/nuturtle_control:/home/graham/classes/Q2/ME495/ws/install/nusim:/home/graham/classes/Q2/ME495/ws/install/turtlelib:/home/graham/classes/Q2/ME495/ws/install/numsr_turtlebot:/home/graham/classes/Q2/ME495/ws/install/nuturtlebot_msgs:/home/graham/classes/Q2/ME495/ws/install/nuturtle_description:/home/graham/ws/interbotix/install:/opt/ros/iron /home/graham/.local/bin/cmake --install /home/graham/classes/Q2/ME495/ws/src/slam-project-gjcliff/build/nusim
[13.935s] -- Install configuration: "Debug"
[13.936s] -- Installing: /home/graham/classes/Q2/ME495/ws/src/slam-project-gjcliff/install/nusim/share/ament_index/resource_index/rosidl_interfaces/nusim
[13.936s] -- Installing: /home/graham/classes/Q2/ME495/ws/src/slam-project-gjcliff/install/nusim/share/nusim/srv/Teleport.json
[13.936s] -- Installing: /home/graham/classes/Q2/ME495/ws/src/slam-project-gjcliff/install/nusim/include/nusim/nusim
[13.936s] -- Installing: /home/graham/classes/Q2/ME495/ws/src/slam-project-gjcliff/install/nusim/include/nusim/nusim/srv
[13.936s] -- Installing: /home/graham/classes/Q2/ME495/ws/src/slam-project-gjcliff/install/nusim/include/nusim/nusim/srv/teleport.h
[13.936s] -- Installing: /home/graham/classes/Q2/ME495/ws/src/slam-project-gjcliff/install/nusim/include/nusim/nusim/srv/detail
[13.936s] -- Installing: /home/graham/classes/Q2/ME495/ws/src/slam-project-gjcliff/install/nusim/include/nusim/nusim/srv/detail/teleport__functions.c
[13.936s] -- Installing: /home/graham/classes/Q2/ME495/ws/src/slam-project-gjcliff/install/nusim/include/nusim/nusim/srv/detail/teleport__struct.h
[13.936s] -- Installing: /home/graham/classes/Q2/ME495/ws/src/slam-project-gjcliff/install/nusim/include/nusim/nusim/srv/detail/teleport__functions.h
[13.937s] -- Installing: /home/graham/classes/Q2/ME495/ws/src/slam-project-gjcliff/install/nusim/include/nusim/nusim/srv/detail/teleport__type_support.c
[13.937s] -- Installing: /home/graham/classes/Q2/ME495/ws/src/slam-project-gjcliff/install/nusim/include/nusim/nusim/srv/detail/teleport__description.c
[13.937s] -- Installing: /home/graham/classes/Q2/ME495/ws/src/slam-project-gjcliff/install/nusim/include/nusim/nusim/srv/detail/teleport__type_support.h
[13.937s] -- Installing: /home/graham/classes/Q2/ME495/ws/src/slam-project-gjcliff/install/nusim/include/nusim/nusim/msg
[13.937s] -- Installing: /home/graham/classes/Q2/ME495/ws/src/slam-project-gjcliff/install/nusim/include/nusim/nusim/msg/rosidl_generator_c__visibility_control.h
[13.937s] -- Installing: /home/graham/classes/Q2/ME495/ws/src/slam-project-gjcliff/install/nusim/share/nusim/environment/library_path.sh
[13.937s] -- Installing: /home/graham/classes/Q2/ME495/ws/src/slam-project-gjcliff/install/nusim/share/nusim/environment/library_path.dsv
[13.937s] -- Installing: /home/graham/classes/Q2/ME495/ws/src/slam-project-gjcliff/install/nusim/lib/libnusim__rosidl_generator_c.so
[13.937s] -- Set runtime path of "/home/graham/classes/Q2/ME495/ws/src/slam-project-gjcliff/install/nusim/lib/libnusim__rosidl_generator_c.so" to ""
[13.937s] -- Up-to-date: /home/graham/classes/Q2/ME495/ws/src/slam-project-gjcliff/install/nusim/include/nusim/nusim
[13.937s] -- Up-to-date: /home/graham/classes/Q2/ME495/ws/src/slam-project-gjcliff/install/nusim/include/nusim/nusim/srv
[13.937s] -- Up-to-date: /home/graham/classes/Q2/ME495/ws/src/slam-project-gjcliff/install/nusim/include/nusim/nusim/srv/detail
[13.937s] -- Installing: /home/graham/classes/Q2/ME495/ws/src/slam-project-gjcliff/install/nusim/include/nusim/nusim/srv/detail/teleport__rosidl_typesupport_fastrtps_c.h
[13.937s] -- Up-to-date: /home/graham/classes/Q2/ME495/ws/src/slam-project-gjcliff/install/nusim/include/nusim/nusim/msg
[13.937s] -- Installing: /home/graham/classes/Q2/ME495/ws/src/slam-project-gjcliff/install/nusim/include/nusim/nusim/msg/rosidl_typesupport_fastrtps_c__visibility_control.h
[13.937s] -- Installing: /home/graham/classes/Q2/ME495/ws/src/slam-project-gjcliff/install/nusim/lib/libnusim__rosidl_typesupport_fastrtps_c.so
[13.938s] -- Set runtime path of "/home/graham/classes/Q2/ME495/ws/src/slam-project-gjcliff/install/nusim/lib/libnusim__rosidl_typesupport_fastrtps_c.so" to ""
[13.938s] -- Up-to-date: /home/graham/classes/Q2/ME495/ws/src/slam-project-gjcliff/install/nusim/include/nusim/nusim
[13.938s] -- Up-to-date: /home/graham/classes/Q2/ME495/ws/src/slam-project-gjcliff/install/nusim/include/nusim/nusim/srv
[13.938s] -- Installing: /home/graham/classes/Q2/ME495/ws/src/slam-project-gjcliff/install/nusim/include/nusim/nusim/srv/teleport.hpp
[13.938s] -- Up-to-date: /home/graham/classes/Q2/ME495/ws/src/slam-project-gjcliff/install/nusim/include/nusim/nusim/srv/detail
[13.938s] -- Installing: /home/graham/classes/Q2/ME495/ws/src/slam-project-gjcliff/install/nusim/include/nusim/nusim/srv/detail/teleport__struct.hpp
[13.938s] -- Installing: /home/graham/classes/Q2/ME495/ws/src/slam-project-gjcliff/install/nusim/include/nusim/nusim/srv/detail/teleport__builder.hpp
[13.938s] -- Installing: /home/graham/classes/Q2/ME495/ws/src/slam-project-gjcliff/install/nusim/include/nusim/nusim/srv/detail/teleport__traits.hpp
[13.938s] -- Up-to-date: /home/graham/classes/Q2/ME495/ws/src/slam-project-gjcliff/install/nusim/include/nusim/nusim
[13.938s] -- Up-to-date: /home/graham/classes/Q2/ME495/ws/src/slam-project-gjcliff/install/nusim/include/nusim/nusim/srv
[13.938s] -- Up-to-date: /home/graham/classes/Q2/ME495/ws/src/slam-project-gjcliff/install/nusim/include/nusim/nusim/srv/detail
[13.938s] -- Installing: /home/graham/classes/Q2/ME495/ws/src/slam-project-gjcliff/install/nusim/include/nusim/nusim/srv/detail/teleport__rosidl_typesupport_fastrtps_cpp.hpp
[13.938s] -- Installing: /home/graham/classes/Q2/ME495/ws/src/slam-project-gjcliff/install/nusim/include/nusim/nusim/srv/detail/dds_fastrtps
[13.938s] -- Up-to-date: /home/graham/classes/Q2/ME495/ws/src/slam-project-gjcliff/install/nusim/include/nusim/nusim/msg
[13.938s] -- Installing: /home/graham/classes/Q2/ME495/ws/src/slam-project-gjcliff/install/nusim/include/nusim/nusim/msg/rosidl_typesupport_fastrtps_cpp__visibility_control.h
[13.938s] -- Installing: /home/graham/classes/Q2/ME495/ws/src/slam-project-gjcliff/install/nusim/lib/libnusim__rosidl_typesupport_fastrtps_cpp.so
[13.939s] -- Set runtime path of "/home/graham/classes/Q2/ME495/ws/src/slam-project-gjcliff/install/nusim/lib/libnusim__rosidl_typesupport_fastrtps_cpp.so" to ""
[13.939s] -- Up-to-date: /home/graham/classes/Q2/ME495/ws/src/slam-project-gjcliff/install/nusim/include/nusim/nusim
[13.939s] -- Up-to-date: /home/graham/classes/Q2/ME495/ws/src/slam-project-gjcliff/install/nusim/include/nusim/nusim/srv
[13.939s] -- Up-to-date: /home/graham/classes/Q2/ME495/ws/src/slam-project-gjcliff/install/nusim/include/nusim/nusim/srv/detail
[13.939s] -- Installing: /home/graham/classes/Q2/ME495/ws/src/slam-project-gjcliff/install/nusim/include/nusim/nusim/srv/detail/teleport__rosidl_typesupport_introspection_c.h
[13.939s] -- Up-to-date: /home/graham/classes/Q2/ME495/ws/src/slam-project-gjcliff/install/nusim/include/nusim/nusim/srv/detail/teleport__type_support.c
[13.939s] -- Up-to-date: /home/graham/classes/Q2/ME495/ws/src/slam-project-gjcliff/install/nusim/include/nusim/nusim/msg
[13.939s] -- Installing: /home/graham/classes/Q2/ME495/ws/src/slam-project-gjcliff/install/nusim/include/nusim/nusim/msg/rosidl_typesupport_introspection_c__visibility_control.h
[13.939s] -- Installing: /home/graham/classes/Q2/ME495/ws/src/slam-project-gjcliff/install/nusim/lib/libnusim__rosidl_typesupport_introspection_c.so
[13.940s] -- Set runtime path of "/home/graham/classes/Q2/ME495/ws/src/slam-project-gjcliff/install/nusim/lib/libnusim__rosidl_typesupport_introspection_c.so" to ""
[13.940s] -- Installing: /home/graham/classes/Q2/ME495/ws/src/slam-project-gjcliff/install/nusim/lib/libnusim__rosidl_typesupport_c.so
[13.940s] -- Set runtime path of "/home/graham/classes/Q2/ME495/ws/src/slam-project-gjcliff/install/nusim/lib/libnusim__rosidl_typesupport_c.so" to ""
[13.940s] -- Up-to-date: /home/graham/classes/Q2/ME495/ws/src/slam-project-gjcliff/install/nusim/include/nusim/nusim
[13.940s] -- Up-to-date: /home/graham/classes/Q2/ME495/ws/src/slam-project-gjcliff/install/nusim/include/nusim/nusim/srv
[13.940s] -- Up-to-date: /home/graham/classes/Q2/ME495/ws/src/slam-project-gjcliff/install/nusim/include/nusim/nusim/srv/detail
[13.940s] -- Installing: /home/graham/classes/Q2/ME495/ws/src/slam-project-gjcliff/install/nusim/include/nusim/nusim/srv/detail/teleport__rosidl_typesupport_introspection_cpp.hpp
[13.940s] -- Installing: /home/graham/classes/Q2/ME495/ws/src/slam-project-gjcliff/install/nusim/include/nusim/nusim/srv/detail/teleport__type_support.cpp
[13.940s] -- Installing: /home/graham/classes/Q2/ME495/ws/src/slam-project-gjcliff/install/nusim/lib/libnusim__rosidl_typesupport_introspection_cpp.so
[13.941s] -- Set runtime path of "/home/graham/classes/Q2/ME495/ws/src/slam-project-gjcliff/install/nusim/lib/libnusim__rosidl_typesupport_introspection_cpp.so" to ""
[13.941s] -- Installing: /home/graham/classes/Q2/ME495/ws/src/slam-project-gjcliff/install/nusim/lib/libnusim__rosidl_typesupport_cpp.so
[13.941s] -- Set runtime path of "/home/graham/classes/Q2/ME495/ws/src/slam-project-gjcliff/install/nusim/lib/libnusim__rosidl_typesupport_cpp.so" to ""
[13.941s] -- Installing: /home/graham/classes/Q2/ME495/ws/src/slam-project-gjcliff/install/nusim/share/nusim/environment/pythonpath.sh
[13.941s] -- Installing: /home/graham/classes/Q2/ME495/ws/src/slam-project-gjcliff/install/nusim/share/nusim/environment/pythonpath.dsv
[13.941s] -- Installing: /home/graham/classes/Q2/ME495/ws/src/slam-project-gjcliff/install/nusim/lib/python3.10/site-packages/nusim-0.1.2-py3.10.egg-info
[13.941s] -- Installing: /home/graham/classes/Q2/ME495/ws/src/slam-project-gjcliff/install/nusim/lib/python3.10/site-packages/nusim-0.1.2-py3.10.egg-info/dependency_links.txt
[13.941s] -- Installing: /home/graham/classes/Q2/ME495/ws/src/slam-project-gjcliff/install/nusim/lib/python3.10/site-packages/nusim-0.1.2-py3.10.egg-info/PKG-INFO
[13.941s] -- Installing: /home/graham/classes/Q2/ME495/ws/src/slam-project-gjcliff/install/nusim/lib/python3.10/site-packages/nusim-0.1.2-py3.10.egg-info/SOURCES.txt
[13.941s] -- Installing: /home/graham/classes/Q2/ME495/ws/src/slam-project-gjcliff/install/nusim/lib/python3.10/site-packages/nusim-0.1.2-py3.10.egg-info/top_level.txt
[13.942s] -- Installing: /home/graham/classes/Q2/ME495/ws/src/slam-project-gjcliff/install/nusim/lib/python3.10/site-packages/nusim
[13.942s] -- Installing: /home/graham/classes/Q2/ME495/ws/src/slam-project-gjcliff/install/nusim/lib/python3.10/site-packages/nusim/nusim_s__rosidl_typesupport_fastrtps_c.cpython-310-x86_64-linux-gnu.so
[13.942s] -- Installing: /home/graham/classes/Q2/ME495/ws/src/slam-project-gjcliff/install/nusim/lib/python3.10/site-packages/nusim/_nusim_s.ep.rosidl_typesupport_introspection_c.c
[13.942s] -- Installing: /home/graham/classes/Q2/ME495/ws/src/slam-project-gjcliff/install/nusim/lib/python3.10/site-packages/nusim/_nusim_s.ep.rosidl_typesupport_fastrtps_c.c
[13.942s] -- Installing: /home/graham/classes/Q2/ME495/ws/src/slam-project-gjcliff/install/nusim/lib/python3.10/site-packages/nusim/nusim_s__rosidl_typesupport_c.cpython-310-x86_64-linux-gnu.so
[13.942s] -- Installing: /home/graham/classes/Q2/ME495/ws/src/slam-project-gjcliff/install/nusim/lib/python3.10/site-packages/nusim/libnusim__rosidl_generator_py.so
[13.942s] -- Installing: /home/graham/classes/Q2/ME495/ws/src/slam-project-gjcliff/install/nusim/lib/python3.10/site-packages/nusim/_nusim_s.ep.rosidl_typesupport_c.c
[13.942s] -- Installing: /home/graham/classes/Q2/ME495/ws/src/slam-project-gjcliff/install/nusim/lib/python3.10/site-packages/nusim/nusim_s__rosidl_typesupport_introspection_c.cpython-310-x86_64-linux-gnu.so
[13.942s] -- Installing: /home/graham/classes/Q2/ME495/ws/src/slam-project-gjcliff/install/nusim/lib/python3.10/site-packages/nusim/srv
[13.942s] -- Installing: /home/graham/classes/Q2/ME495/ws/src/slam-project-gjcliff/install/nusim/lib/python3.10/site-packages/nusim/srv/_teleport.py
[13.942s] -- Installing: /home/graham/classes/Q2/ME495/ws/src/slam-project-gjcliff/install/nusim/lib/python3.10/site-packages/nusim/srv/_teleport_s.c
[13.942s] -- Installing: /home/graham/classes/Q2/ME495/ws/src/slam-project-gjcliff/install/nusim/lib/python3.10/site-packages/nusim/srv/__init__.py
[13.942s] -- Installing: /home/graham/classes/Q2/ME495/ws/src/slam-project-gjcliff/install/nusim/lib/python3.10/site-packages/nusim/__init__.py
[13.974s] Listing '/home/graham/classes/Q2/ME495/ws/src/slam-project-gjcliff/install/nusim/lib/python3.10/site-packages/nusim'...
[13.974s] Compiling '/home/graham/classes/Q2/ME495/ws/src/slam-project-gjcliff/install/nusim/lib/python3.10/site-packages/nusim/__init__.py'...
[13.974s] Listing '/home/graham/classes/Q2/ME495/ws/src/slam-project-gjcliff/install/nusim/lib/python3.10/site-packages/nusim/srv'...
[13.974s] Compiling '/home/graham/classes/Q2/ME495/ws/src/slam-project-gjcliff/install/nusim/lib/python3.10/site-packages/nusim/srv/__init__.py'...
[13.974s] Compiling '/home/graham/classes/Q2/ME495/ws/src/slam-project-gjcliff/install/nusim/lib/python3.10/site-packages/nusim/srv/_teleport.py'...
[13.977s] -- Installing: /home/graham/classes/Q2/ME495/ws/src/slam-project-gjcliff/install/nusim/lib/python3.10/site-packages/nusim/nusim_s__rosidl_typesupport_fastrtps_c.cpython-310-x86_64-linux-gnu.so
[13.977s] -- Set runtime path of "/home/graham/classes/Q2/ME495/ws/src/slam-project-gjcliff/install/nusim/lib/python3.10/site-packages/nusim/nusim_s__rosidl_typesupport_fastrtps_c.cpython-310-x86_64-linux-gnu.so" to ""
[13.978s] -- Installing: /home/graham/classes/Q2/ME495/ws/src/slam-project-gjcliff/install/nusim/lib/python3.10/site-packages/nusim/nusim_s__rosidl_typesupport_introspection_c.cpython-310-x86_64-linux-gnu.so
[13.978s] -- Set runtime path of "/home/graham/classes/Q2/ME495/ws/src/slam-project-gjcliff/install/nusim/lib/python3.10/site-packages/nusim/nusim_s__rosidl_typesupport_introspection_c.cpython-310-x86_64-linux-gnu.so" to ""
[13.978s] -- Installing: /home/graham/classes/Q2/ME495/ws/src/slam-project-gjcliff/install/nusim/lib/python3.10/site-packages/nusim/nusim_s__rosidl_typesupport_c.cpython-310-x86_64-linux-gnu.so
[13.978s] -- Set runtime path of "/home/graham/classes/Q2/ME495/ws/src/slam-project-gjcliff/install/nusim/lib/python3.10/site-packages/nusim/nusim_s__rosidl_typesupport_c.cpython-310-x86_64-linux-gnu.so" to ""
[13.978s] -- Installing: /home/graham/classes/Q2/ME495/ws/src/slam-project-gjcliff/install/nusim/lib/libnusim__rosidl_generator_py.so
[13.978s] -- Set runtime path of "/home/graham/classes/Q2/ME495/ws/src/slam-project-gjcliff/install/nusim/lib/libnusim__rosidl_generator_py.so" to ""
[13.978s] -- Installing: /home/graham/classes/Q2/ME495/ws/src/slam-project-gjcliff/install/nusim/share/nusim/srv/Teleport.idl
[13.978s] -- Installing: /home/graham/classes/Q2/ME495/ws/src/slam-project-gjcliff/install/nusim/share/nusim/srv/Teleport.srv
[13.978s] -- Installing: /home/graham/classes/Q2/ME495/ws/src/slam-project-gjcliff/install/nusim/share/nusim/srv/Teleport_Request.msg
[13.979s] -- Installing: /home/graham/classes/Q2/ME495/ws/src/slam-project-gjcliff/install/nusim/share/nusim/srv/Teleport_Response.msg
[13.979s] -- Installing: /home/graham/classes/Q2/ME495/ws/src/slam-project-gjcliff/install/nusim/lib/nusim/nusim_exec
[13.993s] -- Set runtime path of "/home/graham/classes/Q2/ME495/ws/src/slam-project-gjcliff/install/nusim/lib/nusim/nusim_exec" to ""
[13.994s] -- Installing: /home/graham/classes/Q2/ME495/ws/src/slam-project-gjcliff/install/nusim/share/nusim/launch
[13.994s] -- Installing: /home/graham/classes/Q2/ME495/ws/src/slam-project-gjcliff/install/nusim/share/nusim/launch/nusim.launch.xml
[13.994s] -- Installing: /home/graham/classes/Q2/ME495/ws/src/slam-project-gjcliff/install/nusim/share/nusim/config
[13.994s] -- Installing: /home/graham/classes/Q2/ME495/ws/src/slam-project-gjcliff/install/nusim/share/nusim/config/nuturtle_control_world.yaml
[13.994s] -- Installing: /home/graham/classes/Q2/ME495/ws/src/slam-project-gjcliff/install/nusim/share/nusim/config/basic_world.yaml
[13.994s] -- Installing: /home/graham/classes/Q2/ME495/ws/src/slam-project-gjcliff/install/nusim/share/nusim/config/nusim.rviz
[13.994s] -- Installing: /home/graham/classes/Q2/ME495/ws/src/slam-project-gjcliff/install/nusim/share/ament_index/resource_index/package_run_dependencies/nusim
[13.994s] -- Installing: /home/graham/classes/Q2/ME495/ws/src/slam-project-gjcliff/install/nusim/share/ament_index/resource_index/parent_prefix_path/nusim
[13.994s] -- Installing: /home/graham/classes/Q2/ME495/ws/src/slam-project-gjcliff/install/nusim/share/nusim/environment/ament_prefix_path.sh
[13.994s] -- Installing: /home/graham/classes/Q2/ME495/ws/src/slam-project-gjcliff/install/nusim/share/nusim/environment/ament_prefix_path.dsv
[13.994s] -- Installing: /home/graham/classes/Q2/ME495/ws/src/slam-project-gjcliff/install/nusim/share/nusim/environment/path.sh
[13.994s] -- Installing: /home/graham/classes/Q2/ME495/ws/src/slam-project-gjcliff/install/nusim/share/nusim/environment/path.dsv
[13.994s] -- Installing: /home/graham/classes/Q2/ME495/ws/src/slam-project-gjcliff/install/nusim/share/nusim/local_setup.bash
[13.995s] -- Installing: /home/graham/classes/Q2/ME495/ws/src/slam-project-gjcliff/install/nusim/share/nusim/local_setup.sh
[13.995s] -- Installing: /home/graham/classes/Q2/ME495/ws/src/slam-project-gjcliff/install/nusim/share/nusim/local_setup.zsh
[13.995s] -- Installing: /home/graham/classes/Q2/ME495/ws/src/slam-project-gjcliff/install/nusim/share/nusim/local_setup.dsv
[13.995s] -- Installing: /home/graham/classes/Q2/ME495/ws/src/slam-project-gjcliff/install/nusim/share/nusim/package.dsv
[13.995s] -- Installing: /home/graham/classes/Q2/ME495/ws/src/slam-project-gjcliff/install/nusim/share/ament_index/resource_index/packages/nusim
[13.995s] -- Installing: /home/graham/classes/Q2/ME495/ws/src/slam-project-gjcliff/install/nusim/share/nusim/cmake/export_nusim__rosidl_generator_cExport.cmake
[13.995s] -- Installing: /home/graham/classes/Q2/ME495/ws/src/slam-project-gjcliff/install/nusim/share/nusim/cmake/export_nusim__rosidl_generator_cExport-debug.cmake
[13.995s] -- Installing: /home/graham/classes/Q2/ME495/ws/src/slam-project-gjcliff/install/nusim/share/nusim/cmake/export_nusim__rosidl_typesupport_fastrtps_cExport.cmake
[13.995s] -- Installing: /home/graham/classes/Q2/ME495/ws/src/slam-project-gjcliff/install/nusim/share/nusim/cmake/export_nusim__rosidl_typesupport_fastrtps_cExport-debug.cmake
[13.995s] -- Installing: /home/graham/classes/Q2/ME495/ws/src/slam-project-gjcliff/install/nusim/share/nusim/cmake/export_nusim__rosidl_generator_cppExport.cmake
[13.995s] -- Installing: /home/graham/classes/Q2/ME495/ws/src/slam-project-gjcliff/install/nusim/share/nusim/cmake/export_nusim__rosidl_typesupport_fastrtps_cppExport.cmake
[13.996s] -- Installing: /home/graham/classes/Q2/ME495/ws/src/slam-project-gjcliff/install/nusim/share/nusim/cmake/export_nusim__rosidl_typesupport_fastrtps_cppExport-debug.cmake
[13.996s] -- Installing: /home/graham/classes/Q2/ME495/ws/src/slam-project-gjcliff/install/nusim/share/nusim/cmake/nusim__rosidl_typesupport_introspection_cExport.cmake
[13.996s] -- Installing: /home/graham/classes/Q2/ME495/ws/src/slam-project-gjcliff/install/nusim/share/nusim/cmake/nusim__rosidl_typesupport_introspection_cExport-debug.cmake
[13.996s] -- Installing: /home/graham/classes/Q2/ME495/ws/src/slam-project-gjcliff/install/nusim/share/nusim/cmake/nusim__rosidl_typesupport_cExport.cmake
[13.996s] -- Installing: /home/graham/classes/Q2/ME495/ws/src/slam-project-gjcliff/install/nusim/share/nusim/cmake/nusim__rosidl_typesupport_cExport-debug.cmake
[13.996s] -- Installing: /home/graham/classes/Q2/ME495/ws/src/slam-project-gjcliff/install/nusim/share/nusim/cmake/nusim__rosidl_typesupport_introspection_cppExport.cmake
[13.996s] -- Installing: /home/graham/classes/Q2/ME495/ws/src/slam-project-gjcliff/install/nusim/share/nusim/cmake/nusim__rosidl_typesupport_introspection_cppExport-debug.cmake
[13.996s] -- Installing: /home/graham/classes/Q2/ME495/ws/src/slam-project-gjcliff/install/nusim/share/nusim/cmake/nusim__rosidl_typesupport_cppExport.cmake
[13.996s] -- Installing: /home/graham/classes/Q2/ME495/ws/src/slam-project-gjcliff/install/nusim/share/nusim/cmake/nusim__rosidl_typesupport_cppExport-debug.cmake
[13.996s] -- Installing: /home/graham/classes/Q2/ME495/ws/src/slam-project-gjcliff/install/nusim/share/nusim/cmake/export_nusim__rosidl_generator_pyExport.cmake
[13.996s] -- Installing: /home/graham/classes/Q2/ME495/ws/src/slam-project-gjcliff/install/nusim/share/nusim/cmake/export_nusim__rosidl_generator_pyExport-debug.cmake
[13.997s] -- Installing: /home/graham/classes/Q2/ME495/ws/src/slam-project-gjcliff/install/nusim/share/nusim/cmake/rosidl_cmake-extras.cmake
[13.997s] -- Installing: /home/graham/classes/Q2/ME495/ws/src/slam-project-gjcliff/install/nusim/share/nusim/cmake/ament_cmake_export_dependencies-extras.cmake
[13.997s] -- Installing: /home/graham/classes/Q2/ME495/ws/src/slam-project-gjcliff/install/nusim/share/nusim/cmake/ament_cmake_export_include_directories-extras.cmake
[13.997s] -- Installing: /home/graham/classes/Q2/ME495/ws/src/slam-project-gjcliff/install/nusim/share/nusim/cmake/ament_cmake_export_libraries-extras.cmake
[13.997s] -- Installing: /home/graham/classes/Q2/ME495/ws/src/slam-project-gjcliff/install/nusim/share/nusim/cmake/ament_cmake_export_targets-extras.cmake
[13.997s] -- Installing: /home/graham/classes/Q2/ME495/ws/src/slam-project-gjcliff/install/nusim/share/nusim/cmake/rosidl_cmake_export_typesupport_targets-extras.cmake
[13.997s] -- Installing: /home/graham/classes/Q2/ME495/ws/src/slam-project-gjcliff/install/nusim/share/nusim/cmake/rosidl_cmake_export_typesupport_libraries-extras.cmake
[13.997s] -- Installing: /home/graham/classes/Q2/ME495/ws/src/slam-project-gjcliff/install/nusim/share/nusim/cmake/nusimConfig.cmake
[13.997s] -- Installing: /home/graham/classes/Q2/ME495/ws/src/slam-project-gjcliff/install/nusim/share/nusim/cmake/nusimConfig-version.cmake
[13.997s] -- Installing: /home/graham/classes/Q2/ME495/ws/src/slam-project-gjcliff/install/nusim/share/nusim/package.xml
[14.002s] Invoked command in '/home/graham/classes/Q2/ME495/ws/src/slam-project-gjcliff/build/nusim' returned '0': CMAKE_PREFIX_PATH=/home/graham/classes/Q2/ME495/ws/src/slam-project-gjcliff/install/turtlelib:/home/graham/classes/Q2/ME495/ws/install/nuturtle_control:/home/graham/classes/Q2/ME495/ws/install/nusim:/home/graham/classes/Q2/ME495/ws/install/turtlelib:/home/graham/classes/Q2/ME495/ws/install/numsr_turtlebot:/home/graham/classes/Q2/ME495/ws/install/nuturtlebot_msgs:/home/graham/classes/Q2/ME495/ws/install/nuturtle_description:/home/graham/ws/interbotix/install:/opt/ros/iron /home/graham/.local/bin/cmake --install /home/graham/classes/Q2/ME495/ws/src/slam-project-gjcliff/build/nusim
