-- The C compiler identification is GNU 11.4.0
-- The CXX compiler identification is GNU 11.4.0
-- Detecting C compiler ABI info
-- Detecting C compiler ABI info - done
-- Check for working C compiler: /usr/bin/cc - skipped
-- Detecting C compile features
-- Detecting C compile features - done
-- Detecting CXX compiler ABI info
-- Detecting CXX compiler ABI info - done
-- Check for working CXX compiler: /usr/bin/c++ - skipped
-- Detecting CXX compile features
-- Detecting CXX compile features - done
-- Found Doxygen: /usr/bin/doxygen (found version "1.9.1") found components: doxygen dot 
-- Configuring done
-- Generating done
-- Build files have been written to: /home/graham/classes/Q2/ME495/ws/src/slam-project-gjcliff/build/turtlelib
[  6%] [32mBuilding CXX object CMakeFiles/turtlelib.dir/src/geometry2d.cpp.o[0m
[ 13%] [32mBuilding CXX object CMakeFiles/turtlelib.dir/src/se2d.cpp.o[0m
[ 20%] [32mBuilding CXX object CMakeFiles/turtlelib.dir/src/svg.cpp.o[0m
[ 26%] [32mBuilding CXX object CMakeFiles/turtlelib.dir/src/diff_drive.cpp.o[0m
[ 33%] [32m[1mLinking CXX static library libturtlelib.a[0m
[ 33%] Built target turtlelib
[ 46%] [32mBuilding CXX object CMakeFiles/frame_main.dir/src/frame_main.cpp.o[0m
[ 46%] [32mBuilding CXX object CMakeFiles/test_geometry2D.dir/tests/test_geometry2d.cpp.o[0m
[ 60%] [32mBuilding CXX object CMakeFiles/test_svg.dir/tests/test_svg.cpp.o[0m
[ 60%] [32mBuilding CXX object CMakeFiles/test_se2d.dir/tests/test_se2d.cpp.o[0m
[ 66%] [32mBuilding CXX object CMakeFiles/test_diffdrive.dir/tests/test_diff_drive.cpp.o[0m
[ 73%] [32m[1mLinking CXX executable test_geometry2D[0m
[ 80%] [32m[1mLinking CXX executable test_diffdrive[0m
[ 86%] [32m[1mLinking CXX executable frame_main[0m
[ 86%] Built target frame_main
[ 93%] [32m[1mLinking CXX executable test_svg[0m
[ 93%] Built target test_diffdrive
[100%] [32m[1mLinking CXX executable test_se2d[0m
[100%] Built target test_geometry2D
[100%] Built target test_svg
[100%] Built target test_se2d
-- Install configuration: "Debug"
-- Installing: /home/graham/classes/Q2/ME495/ws/src/slam-project-gjcliff/install/turtlelib/include/
-- Installing: /home/graham/classes/Q2/ME495/ws/src/slam-project-gjcliff/install/turtlelib/include//turtlelib
-- Installing: /home/graham/classes/Q2/ME495/ws/src/slam-project-gjcliff/install/turtlelib/include//turtlelib/se2d.hpp
-- Installing: /home/graham/classes/Q2/ME495/ws/src/slam-project-gjcliff/install/turtlelib/include//turtlelib/svg.hpp
-- Installing: /home/graham/classes/Q2/ME495/ws/src/slam-project-gjcliff/install/turtlelib/include//turtlelib/diff_drive.hpp
-- Installing: /home/graham/classes/Q2/ME495/ws/src/slam-project-gjcliff/install/turtlelib/include//turtlelib/geometry2d.hpp
-- Installing: /home/graham/classes/Q2/ME495/ws/src/slam-project-gjcliff/install/turtlelib/lib/libturtlelib.a
-- Installing: /home/graham/classes/Q2/ME495/ws/src/slam-project-gjcliff/install/turtlelib/lib/cmake/turtlelib/turtlelib-config.cmake
-- Installing: /home/graham/classes/Q2/ME495/ws/src/slam-project-gjcliff/install/turtlelib/lib/cmake/turtlelib/turtlelib-config-debug.cmake
