[1.535s] DEBUG:colcon:Command line arguments: ['/usr/bin/colcon', 'build']
[1.535s] DEBUG:colcon:Parsed command line arguments: Namespace(log_base=None, log_level=None, verb_name='build', build_base='build', install_base='install', merge_install=False, symlink_install=False, test_result_base=None, continue_on_error=False, executor='parallel', parallel_workers=32, event_handlers=None, ignore_user_meta=False, metas=['./colcon.meta'], base_paths=['.'], packages_ignore=None, packages_ignore_regex=None, paths=None, packages_up_to=None, packages_up_to_regex=None, packages_above=None, packages_above_and_dependencies=None, packages_above_depth=None, packages_select_by_dep=None, packages_skip_by_dep=None, packages_skip_up_to=None, packages_select_build_failed=False, packages_skip_build_finished=False, packages_select_test_failures=False, packages_skip_test_passed=False, packages_select=None, packages_skip=None, packages_select_regex=None, packages_skip_regex=None, packages_start=None, packages_end=None, allow_overriding=[], cmake_args=None, cmake_target=None, cmake_target_skip_unavailable=False, cmake_clean_cache=False, cmake_clean_first=False, cmake_force_configure=False, ament_cmake_args=None, catkin_cmake_args=None, catkin_skip_building_tests=False, mixin_files=None, mixin=None, verb_parser=<colcon_mixin.mixin.mixin_argument.MixinArgumentDecorator object at 0x7a6fa9b908b0>, verb_extension=<colcon_core.verb.build.BuildVerb object at 0x7a6faacd8280>, main=<bound method BuildVerb.main of <colcon_core.verb.build.BuildVerb object at 0x7a6faacd8280>>, mixin_verb=('build',))
[1.583s] Level 1:colcon.colcon_core.package_discovery:discover_packages(colcon_meta) check parameters
[1.584s] Level 1:colcon.colcon_core.package_discovery:discover_packages(recursive) check parameters
[1.584s] Level 1:colcon.colcon_core.package_discovery:discover_packages(ignore) check parameters
[1.584s] Level 1:colcon.colcon_core.package_discovery:discover_packages(path) check parameters
[1.584s] Level 1:colcon.colcon_core.package_discovery:discover_packages(colcon_meta) discover
[1.584s] Level 1:colcon.colcon_core.package_discovery:discover_packages(recursive) discover
[1.584s] INFO:colcon.colcon_core.package_discovery:Crawling recursively for packages in '/home/graham/classes/Q2/ME495/ws/src/slam-project-gjcliff'
[1.584s] Level 1:colcon.colcon_core.package_identification:_identify(.) by extensions ['ignore', 'ignore_ament_install']
[1.584s] Level 1:colcon.colcon_core.package_identification:_identify(.) by extension 'ignore'
[1.584s] Level 1:colcon.colcon_core.package_identification:_identify(.) by extension 'ignore_ament_install'
[1.584s] Level 1:colcon.colcon_core.package_identification:_identify(.) by extensions ['colcon_pkg']
[1.584s] Level 1:colcon.colcon_core.package_identification:_identify(.) by extension 'colcon_pkg'
[1.584s] Level 1:colcon.colcon_core.package_identification:_identify(.) by extensions ['colcon_meta']
[1.584s] Level 1:colcon.colcon_core.package_identification:_identify(.) by extension 'colcon_meta'
[1.584s] Level 1:colcon.colcon_core.package_identification:_identify(.) by extensions ['ros']
[1.584s] Level 1:colcon.colcon_core.package_identification:_identify(.) by extension 'ros'
[1.593s] Level 1:colcon.colcon_core.package_identification:_identify(.) by extensions ['cmake', 'python']
[1.593s] Level 1:colcon.colcon_core.package_identification:_identify(.) by extension 'cmake'
[1.593s] Level 1:colcon.colcon_core.package_identification:_identify(.) by extension 'python'
[1.593s] Level 1:colcon.colcon_core.package_identification:_identify(.) by extensions ['python_setup_py']
[1.593s] Level 1:colcon.colcon_core.package_identification:_identify(.) by extension 'python_setup_py'
[1.593s] Level 1:colcon.colcon_core.package_identification:_identify(build) by extensions ['ignore', 'ignore_ament_install']
[1.594s] Level 1:colcon.colcon_core.package_identification:_identify(build) by extension 'ignore'
[1.594s] Level 1:colcon.colcon_core.package_identification:_identify(build) ignored
[1.594s] Level 1:colcon.colcon_core.package_identification:_identify(install) by extensions ['ignore', 'ignore_ament_install']
[1.594s] Level 1:colcon.colcon_core.package_identification:_identify(install) by extension 'ignore'
[1.594s] Level 1:colcon.colcon_core.package_identification:_identify(install) ignored
[1.594s] Level 1:colcon.colcon_core.package_identification:_identify(log) by extensions ['ignore', 'ignore_ament_install']
[1.594s] Level 1:colcon.colcon_core.package_identification:_identify(log) by extension 'ignore'
[1.594s] Level 1:colcon.colcon_core.package_identification:_identify(log) ignored
[1.594s] Level 1:colcon.colcon_core.package_identification:_identify(nusim) by extensions ['ignore', 'ignore_ament_install']
[1.594s] Level 1:colcon.colcon_core.package_identification:_identify(nusim) by extension 'ignore'
[1.594s] Level 1:colcon.colcon_core.package_identification:_identify(nusim) by extension 'ignore_ament_install'
[1.594s] Level 1:colcon.colcon_core.package_identification:_identify(nusim) by extensions ['colcon_pkg']
[1.594s] Level 1:colcon.colcon_core.package_identification:_identify(nusim) by extension 'colcon_pkg'
[1.594s] Level 1:colcon.colcon_core.package_identification:_identify(nusim) by extensions ['colcon_meta']
[1.594s] Level 1:colcon.colcon_core.package_identification:_identify(nusim) by extension 'colcon_meta'
[1.594s] Level 1:colcon.colcon_core.package_identification:_identify(nusim) by extensions ['ros']
[1.594s] Level 1:colcon.colcon_core.package_identification:_identify(nusim) by extension 'ros'
[1.597s] DEBUG:colcon.colcon_core.package_identification:Package 'nusim' with type 'ros.ament_cmake' and name 'nusim'
[1.597s] Level 1:colcon.colcon_core.package_identification:_identify(nuturtle_control) by extensions ['ignore', 'ignore_ament_install']
[1.597s] Level 1:colcon.colcon_core.package_identification:_identify(nuturtle_control) by extension 'ignore'
[1.597s] Level 1:colcon.colcon_core.package_identification:_identify(nuturtle_control) by extension 'ignore_ament_install'
[1.597s] Level 1:colcon.colcon_core.package_identification:_identify(nuturtle_control) by extensions ['colcon_pkg']
[1.597s] Level 1:colcon.colcon_core.package_identification:_identify(nuturtle_control) by extension 'colcon_pkg'
[1.597s] Level 1:colcon.colcon_core.package_identification:_identify(nuturtle_control) by extensions ['colcon_meta']
[1.597s] Level 1:colcon.colcon_core.package_identification:_identify(nuturtle_control) by extension 'colcon_meta'
[1.597s] Level 1:colcon.colcon_core.package_identification:_identify(nuturtle_control) by extensions ['ros']
[1.597s] Level 1:colcon.colcon_core.package_identification:_identify(nuturtle_control) by extension 'ros'
[1.598s] DEBUG:colcon.colcon_core.package_identification:Package 'nuturtle_control' with type 'ros.ament_cmake' and name 'nuturtle_control'
[1.598s] Level 1:colcon.colcon_core.package_identification:_identify(nuturtle_description) by extensions ['ignore', 'ignore_ament_install']
[1.598s] Level 1:colcon.colcon_core.package_identification:_identify(nuturtle_description) by extension 'ignore'
[1.598s] Level 1:colcon.colcon_core.package_identification:_identify(nuturtle_description) by extension 'ignore_ament_install'
[1.598s] Level 1:colcon.colcon_core.package_identification:_identify(nuturtle_description) by extensions ['colcon_pkg']
[1.598s] Level 1:colcon.colcon_core.package_identification:_identify(nuturtle_description) by extension 'colcon_pkg'
[1.598s] Level 1:colcon.colcon_core.package_identification:_identify(nuturtle_description) by extensions ['colcon_meta']
[1.598s] Level 1:colcon.colcon_core.package_identification:_identify(nuturtle_description) by extension 'colcon_meta'
[1.598s] Level 1:colcon.colcon_core.package_identification:_identify(nuturtle_description) by extensions ['ros']
[1.598s] Level 1:colcon.colcon_core.package_identification:_identify(nuturtle_description) by extension 'ros'
[1.599s] DEBUG:colcon.colcon_core.package_identification:Package 'nuturtle_description' with type 'ros.ament_cmake' and name 'nuturtle_description'
[1.599s] Level 1:colcon.colcon_core.package_identification:_identify(turtlelib) by extensions ['ignore', 'ignore_ament_install']
[1.599s] Level 1:colcon.colcon_core.package_identification:_identify(turtlelib) by extension 'ignore'
[1.599s] Level 1:colcon.colcon_core.package_identification:_identify(turtlelib) by extension 'ignore_ament_install'
[1.599s] Level 1:colcon.colcon_core.package_identification:_identify(turtlelib) by extensions ['colcon_pkg']
[1.599s] Level 1:colcon.colcon_core.package_identification:_identify(turtlelib) by extension 'colcon_pkg'
[1.599s] Level 1:colcon.colcon_core.package_identification:_identify(turtlelib) by extensions ['colcon_meta']
[1.599s] Level 1:colcon.colcon_core.package_identification:_identify(turtlelib) by extension 'colcon_meta'
[1.599s] Level 1:colcon.colcon_core.package_identification:_identify(turtlelib) by extensions ['ros']
[1.599s] Level 1:colcon.colcon_core.package_identification:_identify(turtlelib) by extension 'ros'
[1.599s] Level 1:colcon.colcon_core.package_identification:_identify(turtlelib) by extensions ['cmake', 'python']
[1.599s] Level 1:colcon.colcon_core.package_identification:_identify(turtlelib) by extension 'cmake'
[1.608s] Level 1:colcon.colcon_core.package_identification:_identify(turtlelib) by extension 'python'
[1.608s] DEBUG:colcon.colcon_core.package_identification:Package 'turtlelib' with type 'cmake' and name 'turtlelib'
[1.608s] Level 1:colcon.colcon_core.package_discovery:discover_packages(recursive) using defaults
[1.608s] Level 1:colcon.colcon_core.package_discovery:discover_packages(ignore) discover
[1.608s] Level 1:colcon.colcon_core.package_discovery:discover_packages(ignore) using defaults
[1.608s] Level 1:colcon.colcon_core.package_discovery:discover_packages(path) discover
[1.608s] Level 1:colcon.colcon_core.package_discovery:discover_packages(path) using defaults
[1.711s] Level 1:colcon.colcon_core.package_discovery:discover_packages(prefix_path) check parameters
[1.711s] Level 1:colcon.colcon_core.package_discovery:discover_packages(prefix_path) discover
[1.747s] DEBUG:colcon.colcon_installed_package_information.package_discovery:Found 6 installed packages in /home/graham/classes/Q2/ME495/ws/install
[1.764s] DEBUG:colcon.colcon_installed_package_information.package_discovery:Found 21 installed packages in /home/graham/ws/interbotix/install
[1.783s] DEBUG:colcon.colcon_installed_package_information.package_discovery:Found 407 installed packages in /opt/ros/iron
[1.785s] Level 1:colcon.colcon_core.package_discovery:discover_packages(prefix_path) using defaults
[1.873s] Level 5:colcon.colcon_core.verb:set package 'nuturtle_description' build argument 'cmake_args' from command line to 'None'
[1.874s] Level 5:colcon.colcon_core.verb:set package 'nuturtle_description' build argument 'cmake_target' from command line to 'None'
[1.874s] Level 5:colcon.colcon_core.verb:set package 'nuturtle_description' build argument 'cmake_target_skip_unavailable' from command line to 'False'
[1.874s] Level 5:colcon.colcon_core.verb:set package 'nuturtle_description' build argument 'cmake_clean_cache' from command line to 'False'
[1.874s] Level 5:colcon.colcon_core.verb:set package 'nuturtle_description' build argument 'cmake_clean_first' from command line to 'False'
[1.874s] Level 5:colcon.colcon_core.verb:set package 'nuturtle_description' build argument 'cmake_force_configure' from command line to 'False'
[1.874s] Level 5:colcon.colcon_core.verb:set package 'nuturtle_description' build argument 'ament_cmake_args' from command line to 'None'
[1.874s] Level 5:colcon.colcon_core.verb:set package 'nuturtle_description' build argument 'catkin_cmake_args' from command line to 'None'
[1.874s] Level 5:colcon.colcon_core.verb:set package 'nuturtle_description' build argument 'catkin_skip_building_tests' from command line to 'False'
[1.874s] DEBUG:colcon.colcon_core.verb:Building package 'nuturtle_description' with the following arguments: {'ament_cmake_args': None, 'build_base': '/home/graham/classes/Q2/ME495/ws/src/slam-project-gjcliff/build/nuturtle_description', 'catkin_cmake_args': None, 'catkin_skip_building_tests': False, 'cmake_args': None, 'cmake_clean_cache': False, 'cmake_clean_first': False, 'cmake_force_configure': False, 'cmake_target': None, 'cmake_target_skip_unavailable': False, 'install_base': '/home/graham/classes/Q2/ME495/ws/src/slam-project-gjcliff/install/nuturtle_description', 'merge_install': False, 'path': '/home/graham/classes/Q2/ME495/ws/src/slam-project-gjcliff/nuturtle_description', 'symlink_install': False, 'test_result_base': None}
[1.892s] Level 5:colcon.colcon_core.verb:set package 'turtlelib' build argument 'cmake_args' from command line to 'None'
[1.892s] Level 5:colcon.colcon_core.verb:set package 'turtlelib' build argument 'cmake_target' from command line to 'None'
[1.892s] Level 5:colcon.colcon_core.verb:set package 'turtlelib' build argument 'cmake_target_skip_unavailable' from command line to 'False'
[1.892s] Level 5:colcon.colcon_core.verb:set package 'turtlelib' build argument 'cmake_clean_cache' from command line to 'False'
[1.892s] Level 5:colcon.colcon_core.verb:set package 'turtlelib' build argument 'cmake_clean_first' from command line to 'False'
[1.892s] Level 5:colcon.colcon_core.verb:set package 'turtlelib' build argument 'cmake_force_configure' from command line to 'False'
[1.892s] Level 5:colcon.colcon_core.verb:set package 'turtlelib' build argument 'ament_cmake_args' from command line to 'None'
[1.892s] Level 5:colcon.colcon_core.verb:set package 'turtlelib' build argument 'catkin_cmake_args' from command line to 'None'
[1.892s] Level 5:colcon.colcon_core.verb:set package 'turtlelib' build argument 'catkin_skip_building_tests' from command line to 'False'
[1.892s] DEBUG:colcon.colcon_core.verb:Building package 'turtlelib' with the following arguments: {'ament_cmake_args': None, 'build_base': '/home/graham/classes/Q2/ME495/ws/src/slam-project-gjcliff/build/turtlelib', 'catkin_cmake_args': None, 'catkin_skip_building_tests': False, 'cmake_args': None, 'cmake_clean_cache': False, 'cmake_clean_first': False, 'cmake_force_configure': False, 'cmake_target': None, 'cmake_target_skip_unavailable': False, 'install_base': '/home/graham/classes/Q2/ME495/ws/src/slam-project-gjcliff/install/turtlelib', 'merge_install': False, 'path': '/home/graham/classes/Q2/ME495/ws/src/slam-project-gjcliff/turtlelib', 'symlink_install': False, 'test_result_base': None}
[1.911s] Level 5:colcon.colcon_core.verb:set package 'nusim' build argument 'cmake_args' from command line to 'None'
[1.911s] Level 5:colcon.colcon_core.verb:set package 'nusim' build argument 'cmake_target' from command line to 'None'
[1.911s] Level 5:colcon.colcon_core.verb:set package 'nusim' build argument 'cmake_target_skip_unavailable' from command line to 'False'
[1.911s] Level 5:colcon.colcon_core.verb:set package 'nusim' build argument 'cmake_clean_cache' from command line to 'False'
[1.911s] Level 5:colcon.colcon_core.verb:set package 'nusim' build argument 'cmake_clean_first' from command line to 'False'
[1.911s] Level 5:colcon.colcon_core.verb:set package 'nusim' build argument 'cmake_force_configure' from command line to 'False'
[1.911s] Level 5:colcon.colcon_core.verb:set package 'nusim' build argument 'ament_cmake_args' from command line to 'None'
[1.911s] Level 5:colcon.colcon_core.verb:set package 'nusim' build argument 'catkin_cmake_args' from command line to 'None'
[1.911s] Level 5:colcon.colcon_core.verb:set package 'nusim' build argument 'catkin_skip_building_tests' from command line to 'False'
[1.911s] DEBUG:colcon.colcon_core.verb:Building package 'nusim' with the following arguments: {'ament_cmake_args': None, 'build_base': '/home/graham/classes/Q2/ME495/ws/src/slam-project-gjcliff/build/nusim', 'catkin_cmake_args': None, 'catkin_skip_building_tests': False, 'cmake_args': None, 'cmake_clean_cache': False, 'cmake_clean_first': False, 'cmake_force_configure': False, 'cmake_target': None, 'cmake_target_skip_unavailable': False, 'install_base': '/home/graham/classes/Q2/ME495/ws/src/slam-project-gjcliff/install/nusim', 'merge_install': False, 'path': '/home/graham/classes/Q2/ME495/ws/src/slam-project-gjcliff/nusim', 'symlink_install': False, 'test_result_base': None}
[1.929s] Level 5:colcon.colcon_core.verb:set package 'nuturtle_control' build argument 'cmake_args' from command line to 'None'
[1.929s] Level 5:colcon.colcon_core.verb:set package 'nuturtle_control' build argument 'cmake_target' from command line to 'None'
[1.929s] Level 5:colcon.colcon_core.verb:set package 'nuturtle_control' build argument 'cmake_target_skip_unavailable' from command line to 'False'
[1.930s] Level 5:colcon.colcon_core.verb:set package 'nuturtle_control' build argument 'cmake_clean_cache' from command line to 'False'
[1.930s] Level 5:colcon.colcon_core.verb:set package 'nuturtle_control' build argument 'cmake_clean_first' from command line to 'False'
[1.930s] Level 5:colcon.colcon_core.verb:set package 'nuturtle_control' build argument 'cmake_force_configure' from command line to 'False'
[1.930s] Level 5:colcon.colcon_core.verb:set package 'nuturtle_control' build argument 'ament_cmake_args' from command line to 'None'
[1.930s] Level 5:colcon.colcon_core.verb:set package 'nuturtle_control' build argument 'catkin_cmake_args' from command line to 'None'
[1.930s] Level 5:colcon.colcon_core.verb:set package 'nuturtle_control' build argument 'catkin_skip_building_tests' from command line to 'False'
[1.930s] DEBUG:colcon.colcon_core.verb:Building package 'nuturtle_control' with the following arguments: {'ament_cmake_args': None, 'build_base': '/home/graham/classes/Q2/ME495/ws/src/slam-project-gjcliff/build/nuturtle_control', 'catkin_cmake_args': None, 'catkin_skip_building_tests': False, 'cmake_args': None, 'cmake_clean_cache': False, 'cmake_clean_first': False, 'cmake_force_configure': False, 'cmake_target': None, 'cmake_target_skip_unavailable': False, 'install_base': '/home/graham/classes/Q2/ME495/ws/src/slam-project-gjcliff/install/nuturtle_control', 'merge_install': False, 'path': '/home/graham/classes/Q2/ME495/ws/src/slam-project-gjcliff/nuturtle_control', 'symlink_install': False, 'test_result_base': None}
[1.947s] INFO:colcon.colcon_core.executor:Executing jobs using 'parallel' executor
[1.966s] DEBUG:colcon.colcon_parallel_executor.executor.parallel:run_until_complete
[1.966s] INFO:colcon.colcon_cmake.task.cmake.build:Building CMake package in '/home/graham/classes/Q2/ME495/ws/src/slam-project-gjcliff/turtlelib'
[1.985s] INFO:colcon.colcon_core.plugin_system:Skipping extension 'colcon_core.shell.bat': Not used on non-Windows systems
[1.986s] INFO:colcon.colcon_core.shell:Skip shell extension 'powershell' for command environment: Not usable outside of PowerShell
[1.986s] DEBUG:colcon.colcon_core.shell:Skip shell extension 'dsv' for command environment
[2.059s] INFO:colcon.colcon_ros.task.ament_cmake.build:Building ROS package in '/home/graham/classes/Q2/ME495/ws/src/slam-project-gjcliff/nuturtle_description' with build type 'ament_cmake'
[2.059s] INFO:colcon.colcon_cmake.task.cmake.build:Building CMake package in '/home/graham/classes/Q2/ME495/ws/src/slam-project-gjcliff/nuturtle_description'
[2.077s] INFO:colcon.colcon_core.shell:Skip shell extension 'powershell' for command environment: Not usable outside of PowerShell
[2.077s] DEBUG:colcon.colcon_core.shell:Skip shell extension 'dsv' for command environment
[2.167s] DEBUG:colcon.colcon_core.event_handler.log_command:Invoking command in '/home/graham/classes/Q2/ME495/ws/src/slam-project-gjcliff/build/turtlelib': /home/graham/.local/bin/cmake /home/graham/classes/Q2/ME495/ws/src/slam-project-gjcliff/turtlelib -DCMAKE_INSTALL_PREFIX=/home/graham/classes/Q2/ME495/ws/src/slam-project-gjcliff/install/turtlelib
[2.169s] DEBUG:colcon.colcon_core.event_handler.log_command:Invoking command in '/home/graham/classes/Q2/ME495/ws/src/slam-project-gjcliff/build/nuturtle_description': CMAKE_PREFIX_PATH=${CMAKE_PREFIX_PATH}:/opt/ros/iron /home/graham/.local/bin/cmake /home/graham/classes/Q2/ME495/ws/src/slam-project-gjcliff/nuturtle_description -DCMAKE_INSTALL_PREFIX=/home/graham/classes/Q2/ME495/ws/src/slam-project-gjcliff/install/nuturtle_description
[2.501s] DEBUG:colcon.colcon_core.event_handler.log_command:Invoked command in '/home/graham/classes/Q2/ME495/ws/src/slam-project-gjcliff/build/turtlelib' returned '0': /home/graham/.local/bin/cmake /home/graham/classes/Q2/ME495/ws/src/slam-project-gjcliff/turtlelib -DCMAKE_INSTALL_PREFIX=/home/graham/classes/Q2/ME495/ws/src/slam-project-gjcliff/install/turtlelib
[2.501s] DEBUG:colcon.colcon_core.event_handler.log_command:Invoking command in '/home/graham/classes/Q2/ME495/ws/src/slam-project-gjcliff/build/turtlelib': /home/graham/.local/bin/cmake --build /home/graham/classes/Q2/ME495/ws/src/slam-project-gjcliff/build/turtlelib -- -j32 -l32
[3.716s] DEBUG:colcon.colcon_core.event_handler.log_command:Invoked command in '/home/graham/classes/Q2/ME495/ws/src/slam-project-gjcliff/build/nuturtle_description' returned '0': CMAKE_PREFIX_PATH=${CMAKE_PREFIX_PATH}:/opt/ros/iron /home/graham/.local/bin/cmake /home/graham/classes/Q2/ME495/ws/src/slam-project-gjcliff/nuturtle_description -DCMAKE_INSTALL_PREFIX=/home/graham/classes/Q2/ME495/ws/src/slam-project-gjcliff/install/nuturtle_description
[3.716s] DEBUG:colcon.colcon_core.event_handler.log_command:Invoking command in '/home/graham/classes/Q2/ME495/ws/src/slam-project-gjcliff/build/nuturtle_description': CMAKE_PREFIX_PATH=${CMAKE_PREFIX_PATH}:/opt/ros/iron /home/graham/.local/bin/cmake --build /home/graham/classes/Q2/ME495/ws/src/slam-project-gjcliff/build/nuturtle_description -- -j32 -l32
[3.756s] DEBUG:colcon.colcon_core.event_handler.log_command:Invoked command in '/home/graham/classes/Q2/ME495/ws/src/slam-project-gjcliff/build/nuturtle_description' returned '0': CMAKE_PREFIX_PATH=${CMAKE_PREFIX_PATH}:/opt/ros/iron /home/graham/.local/bin/cmake --build /home/graham/classes/Q2/ME495/ws/src/slam-project-gjcliff/build/nuturtle_description -- -j32 -l32
[3.824s] DEBUG:colcon.colcon_core.event_handler.log_command:Invoking command in '/home/graham/classes/Q2/ME495/ws/src/slam-project-gjcliff/build/nuturtle_description': CMAKE_PREFIX_PATH=${CMAKE_PREFIX_PATH}:/opt/ros/iron /home/graham/.local/bin/cmake --install /home/graham/classes/Q2/ME495/ws/src/slam-project-gjcliff/build/nuturtle_description
[3.866s] Level 1:colcon.colcon_core.environment:create_environment_scripts_only(nuturtle_description)
[3.866s] DEBUG:colcon.colcon_core.event_handler.log_command:Invoked command in '/home/graham/classes/Q2/ME495/ws/src/slam-project-gjcliff/build/nuturtle_description' returned '0': CMAKE_PREFIX_PATH=${CMAKE_PREFIX_PATH}:/opt/ros/iron /home/graham/.local/bin/cmake --install /home/graham/classes/Q2/ME495/ws/src/slam-project-gjcliff/build/nuturtle_description
[3.886s] Level 1:colcon.colcon_core.environment:checking '/home/graham/classes/Q2/ME495/ws/src/slam-project-gjcliff/install/nuturtle_description' for CMake module files
[3.887s] Level 1:colcon.colcon_core.environment:checking '/home/graham/classes/Q2/ME495/ws/src/slam-project-gjcliff/install/nuturtle_description' for CMake config files
[3.887s] Level 1:colcon.colcon_core.shell:create_environment_hook('nuturtle_description', 'cmake_prefix_path')
[3.905s] INFO:colcon.colcon_core.shell:Creating environment hook '/home/graham/classes/Q2/ME495/ws/src/slam-project-gjcliff/install/nuturtle_description/share/nuturtle_description/hook/cmake_prefix_path.ps1'
[3.906s] INFO:colcon.colcon_core.shell:Creating environment descriptor '/home/graham/classes/Q2/ME495/ws/src/slam-project-gjcliff/install/nuturtle_description/share/nuturtle_description/hook/cmake_prefix_path.dsv'
[3.906s] INFO:colcon.colcon_core.shell:Creating environment hook '/home/graham/classes/Q2/ME495/ws/src/slam-project-gjcliff/install/nuturtle_description/share/nuturtle_description/hook/cmake_prefix_path.sh'
[3.907s] Level 1:colcon.colcon_core.environment:checking '/home/graham/classes/Q2/ME495/ws/src/slam-project-gjcliff/install/nuturtle_description/bin'
[3.907s] Level 1:colcon.colcon_core.environment:checking '/home/graham/classes/Q2/ME495/ws/src/slam-project-gjcliff/install/nuturtle_description/lib/pkgconfig/nuturtle_description.pc'
[3.907s] Level 1:colcon.colcon_core.environment:checking '/home/graham/classes/Q2/ME495/ws/src/slam-project-gjcliff/install/nuturtle_description/lib/python3.10/site-packages'
[3.907s] Level 1:colcon.colcon_core.environment:checking '/home/graham/classes/Q2/ME495/ws/src/slam-project-gjcliff/install/nuturtle_description/bin'
[3.926s] INFO:colcon.colcon_core.shell:Creating package script '/home/graham/classes/Q2/ME495/ws/src/slam-project-gjcliff/install/nuturtle_description/share/nuturtle_description/package.ps1'
[3.926s] INFO:colcon.colcon_core.shell:Creating package descriptor '/home/graham/classes/Q2/ME495/ws/src/slam-project-gjcliff/install/nuturtle_description/share/nuturtle_description/package.dsv'
[3.927s] INFO:colcon.colcon_core.shell:Creating package script '/home/graham/classes/Q2/ME495/ws/src/slam-project-gjcliff/install/nuturtle_description/share/nuturtle_description/package.sh'
[3.927s] INFO:colcon.colcon_core.shell:Creating package script '/home/graham/classes/Q2/ME495/ws/src/slam-project-gjcliff/install/nuturtle_description/share/nuturtle_description/package.bash'
[3.928s] INFO:colcon.colcon_core.shell:Creating package script '/home/graham/classes/Q2/ME495/ws/src/slam-project-gjcliff/install/nuturtle_description/share/nuturtle_description/package.zsh'
[3.928s] Level 1:colcon.colcon_core.environment:create_file_with_runtime_dependencies(/home/graham/classes/Q2/ME495/ws/src/slam-project-gjcliff/install/nuturtle_description/share/colcon-core/packages/nuturtle_description)
[3.931s] DEBUG:colcon.colcon_core.event_handler.log_command:Invoked command in '/home/graham/classes/Q2/ME495/ws/src/slam-project-gjcliff/build/turtlelib' returned '0': /home/graham/.local/bin/cmake --build /home/graham/classes/Q2/ME495/ws/src/slam-project-gjcliff/build/turtlelib -- -j32 -l32
[3.985s] Level 1:colcon.colcon_core.environment:create_environment_scripts_only(nuturtle_description)
[4.003s] Level 1:colcon.colcon_core.environment:checking '/home/graham/classes/Q2/ME495/ws/src/slam-project-gjcliff/install/nuturtle_description' for CMake module files
[4.003s] Level 1:colcon.colcon_core.environment:checking '/home/graham/classes/Q2/ME495/ws/src/slam-project-gjcliff/install/nuturtle_description' for CMake config files
[4.004s] Level 1:colcon.colcon_core.shell:create_environment_hook('nuturtle_description', 'cmake_prefix_path')
[4.021s] INFO:colcon.colcon_core.shell:Creating environment hook '/home/graham/classes/Q2/ME495/ws/src/slam-project-gjcliff/install/nuturtle_description/share/nuturtle_description/hook/cmake_prefix_path.ps1'
[4.021s] INFO:colcon.colcon_core.shell:Creating environment descriptor '/home/graham/classes/Q2/ME495/ws/src/slam-project-gjcliff/install/nuturtle_description/share/nuturtle_description/hook/cmake_prefix_path.dsv'
[4.022s] INFO:colcon.colcon_core.shell:Creating environment hook '/home/graham/classes/Q2/ME495/ws/src/slam-project-gjcliff/install/nuturtle_description/share/nuturtle_description/hook/cmake_prefix_path.sh'
[4.022s] Level 1:colcon.colcon_core.environment:checking '/home/graham/classes/Q2/ME495/ws/src/slam-project-gjcliff/install/nuturtle_description/bin'
[4.022s] Level 1:colcon.colcon_core.environment:checking '/home/graham/classes/Q2/ME495/ws/src/slam-project-gjcliff/install/nuturtle_description/lib/pkgconfig/nuturtle_description.pc'
[4.022s] Level 1:colcon.colcon_core.environment:checking '/home/graham/classes/Q2/ME495/ws/src/slam-project-gjcliff/install/nuturtle_description/lib/python3.10/site-packages'
[4.022s] Level 1:colcon.colcon_core.environment:checking '/home/graham/classes/Q2/ME495/ws/src/slam-project-gjcliff/install/nuturtle_description/bin'
[4.040s] INFO:colcon.colcon_core.shell:Creating package script '/home/graham/classes/Q2/ME495/ws/src/slam-project-gjcliff/install/nuturtle_description/share/nuturtle_description/package.ps1'
[4.040s] INFO:colcon.colcon_core.shell:Creating package descriptor '/home/graham/classes/Q2/ME495/ws/src/slam-project-gjcliff/install/nuturtle_description/share/nuturtle_description/package.dsv'
[4.041s] INFO:colcon.colcon_core.shell:Creating package script '/home/graham/classes/Q2/ME495/ws/src/slam-project-gjcliff/install/nuturtle_description/share/nuturtle_description/package.sh'
[4.041s] INFO:colcon.colcon_core.shell:Creating package script '/home/graham/classes/Q2/ME495/ws/src/slam-project-gjcliff/install/nuturtle_description/share/nuturtle_description/package.bash'
[4.041s] INFO:colcon.colcon_core.shell:Creating package script '/home/graham/classes/Q2/ME495/ws/src/slam-project-gjcliff/install/nuturtle_description/share/nuturtle_description/package.zsh'
[4.041s] Level 1:colcon.colcon_core.environment:create_file_with_runtime_dependencies(/home/graham/classes/Q2/ME495/ws/src/slam-project-gjcliff/install/nuturtle_description/share/colcon-core/packages/nuturtle_description)
[4.044s] DEBUG:colcon.colcon_core.event_handler.log_command:Invoking command in '/home/graham/classes/Q2/ME495/ws/src/slam-project-gjcliff/build/turtlelib': /home/graham/.local/bin/cmake --install /home/graham/classes/Q2/ME495/ws/src/slam-project-gjcliff/build/turtlelib
[4.072s] Level 1:colcon.colcon_core.environment:create_environment_scripts_only(turtlelib)
[4.073s] DEBUG:colcon.colcon_core.event_handler.log_command:Invoked command in '/home/graham/classes/Q2/ME495/ws/src/slam-project-gjcliff/build/turtlelib' returned '0': /home/graham/.local/bin/cmake --install /home/graham/classes/Q2/ME495/ws/src/slam-project-gjcliff/build/turtlelib
[4.091s] Level 1:colcon.colcon_core.environment:checking '/home/graham/classes/Q2/ME495/ws/src/slam-project-gjcliff/install/turtlelib' for CMake module files
[4.091s] Level 1:colcon.colcon_core.environment:checking '/home/graham/classes/Q2/ME495/ws/src/slam-project-gjcliff/install/turtlelib' for CMake config files
[4.091s] Level 1:colcon.colcon_core.shell:create_environment_hook('turtlelib', 'cmake_prefix_path')
[4.110s] INFO:colcon.colcon_core.shell:Creating environment hook '/home/graham/classes/Q2/ME495/ws/src/slam-project-gjcliff/install/turtlelib/share/turtlelib/hook/cmake_prefix_path.ps1'
[4.110s] INFO:colcon.colcon_core.shell:Creating environment descriptor '/home/graham/classes/Q2/ME495/ws/src/slam-project-gjcliff/install/turtlelib/share/turtlelib/hook/cmake_prefix_path.dsv'
[4.111s] INFO:colcon.colcon_core.shell:Creating environment hook '/home/graham/classes/Q2/ME495/ws/src/slam-project-gjcliff/install/turtlelib/share/turtlelib/hook/cmake_prefix_path.sh'
[4.111s] Level 1:colcon.colcon_core.environment:checking '/home/graham/classes/Q2/ME495/ws/src/slam-project-gjcliff/install/turtlelib/lib'
[4.111s] Level 1:colcon.colcon_core.environment:checking '/home/graham/classes/Q2/ME495/ws/src/slam-project-gjcliff/install/turtlelib/bin'
[4.111s] Level 1:colcon.colcon_core.environment:checking '/home/graham/classes/Q2/ME495/ws/src/slam-project-gjcliff/install/turtlelib/lib/pkgconfig/turtlelib.pc'
[4.111s] Level 1:colcon.colcon_core.environment:checking '/home/graham/classes/Q2/ME495/ws/src/slam-project-gjcliff/install/turtlelib/lib/python3.10/site-packages'
[4.112s] Level 1:colcon.colcon_core.environment:checking '/home/graham/classes/Q2/ME495/ws/src/slam-project-gjcliff/install/turtlelib/bin'
[4.130s] INFO:colcon.colcon_core.shell:Creating package script '/home/graham/classes/Q2/ME495/ws/src/slam-project-gjcliff/install/turtlelib/share/turtlelib/package.ps1'
[4.131s] INFO:colcon.colcon_core.shell:Creating package descriptor '/home/graham/classes/Q2/ME495/ws/src/slam-project-gjcliff/install/turtlelib/share/turtlelib/package.dsv'
[4.131s] INFO:colcon.colcon_core.shell:Creating package script '/home/graham/classes/Q2/ME495/ws/src/slam-project-gjcliff/install/turtlelib/share/turtlelib/package.sh'
[4.131s] INFO:colcon.colcon_core.shell:Creating package script '/home/graham/classes/Q2/ME495/ws/src/slam-project-gjcliff/install/turtlelib/share/turtlelib/package.bash'
[4.131s] INFO:colcon.colcon_core.shell:Creating package script '/home/graham/classes/Q2/ME495/ws/src/slam-project-gjcliff/install/turtlelib/share/turtlelib/package.zsh'
[4.132s] Level 1:colcon.colcon_core.environment:create_file_with_runtime_dependencies(/home/graham/classes/Q2/ME495/ws/src/slam-project-gjcliff/install/turtlelib/share/colcon-core/packages/turtlelib)
[4.132s] INFO:colcon.colcon_ros.task.ament_cmake.build:Building ROS package in '/home/graham/classes/Q2/ME495/ws/src/slam-project-gjcliff/nusim' with build type 'ament_cmake'
[4.132s] INFO:colcon.colcon_cmake.task.cmake.build:Building CMake package in '/home/graham/classes/Q2/ME495/ws/src/slam-project-gjcliff/nusim'
[4.150s] INFO:colcon.colcon_core.shell:Skip shell extension 'powershell' for command environment: Not usable outside of PowerShell
[4.150s] DEBUG:colcon.colcon_core.shell:Skip shell extension 'dsv' for command environment
[4.225s] INFO:colcon.colcon_ros.task.ament_cmake.build:Building ROS package in '/home/graham/classes/Q2/ME495/ws/src/slam-project-gjcliff/nuturtle_control' with build type 'ament_cmake'
[4.225s] INFO:colcon.colcon_cmake.task.cmake.build:Building CMake package in '/home/graham/classes/Q2/ME495/ws/src/slam-project-gjcliff/nuturtle_control'
[4.243s] INFO:colcon.colcon_core.shell:Skip shell extension 'powershell' for command environment: Not usable outside of PowerShell
[4.243s] DEBUG:colcon.colcon_core.shell:Skip shell extension 'dsv' for command environment
[4.320s] DEBUG:colcon.colcon_core.event_handler.log_command:Invoking command in '/home/graham/classes/Q2/ME495/ws/src/slam-project-gjcliff/build/nusim': CMAKE_PREFIX_PATH=/home/graham/classes/Q2/ME495/ws/src/slam-project-gjcliff/install/turtlelib:/home/graham/classes/Q2/ME495/ws/install/nuturtle_control:/home/graham/classes/Q2/ME495/ws/install/nusim:/home/graham/classes/Q2/ME495/ws/install/turtlelib:/home/graham/classes/Q2/ME495/ws/install/numsr_turtlebot:/home/graham/classes/Q2/ME495/ws/install/nuturtlebot_msgs:/home/graham/classes/Q2/ME495/ws/install/nuturtle_description:/home/graham/ws/interbotix/install:/opt/ros/iron /home/graham/.local/bin/cmake /home/graham/classes/Q2/ME495/ws/src/slam-project-gjcliff/nusim -DCMAKE_INSTALL_PREFIX=/home/graham/classes/Q2/ME495/ws/src/slam-project-gjcliff/install/nusim
[4.322s] DEBUG:colcon.colcon_core.event_handler.log_command:Invoking command in '/home/graham/classes/Q2/ME495/ws/src/slam-project-gjcliff/build/nuturtle_control': AMENT_PREFIX_PATH=/home/graham/classes/Q2/ME495/ws/src/slam-project-gjcliff/install/nuturtle_description:${AMENT_PREFIX_PATH} CMAKE_PREFIX_PATH=/home/graham/classes/Q2/ME495/ws/src/slam-project-gjcliff/install/turtlelib:/home/graham/classes/Q2/ME495/ws/src/slam-project-gjcliff/install/nuturtle_description:/home/graham/classes/Q2/ME495/ws/install/nuturtle_control:/home/graham/classes/Q2/ME495/ws/install/nusim:/home/graham/classes/Q2/ME495/ws/install/turtlelib:/home/graham/classes/Q2/ME495/ws/install/numsr_turtlebot:/home/graham/classes/Q2/ME495/ws/install/nuturtlebot_msgs:/home/graham/classes/Q2/ME495/ws/install/nuturtle_description:/home/graham/ws/interbotix/install:/opt/ros/iron /home/graham/.local/bin/cmake /home/graham/classes/Q2/ME495/ws/src/slam-project-gjcliff/nuturtle_control -DCMAKE_INSTALL_PREFIX=/home/graham/classes/Q2/ME495/ws/src/slam-project-gjcliff/install/nuturtle_control
[7.297s] DEBUG:colcon.colcon_core.event_handler.log_command:Invoked command in '/home/graham/classes/Q2/ME495/ws/src/slam-project-gjcliff/build/nusim' returned '0': CMAKE_PREFIX_PATH=/home/graham/classes/Q2/ME495/ws/src/slam-project-gjcliff/install/turtlelib:/home/graham/classes/Q2/ME495/ws/install/nuturtle_control:/home/graham/classes/Q2/ME495/ws/install/nusim:/home/graham/classes/Q2/ME495/ws/install/turtlelib:/home/graham/classes/Q2/ME495/ws/install/numsr_turtlebot:/home/graham/classes/Q2/ME495/ws/install/nuturtlebot_msgs:/home/graham/classes/Q2/ME495/ws/install/nuturtle_description:/home/graham/ws/interbotix/install:/opt/ros/iron /home/graham/.local/bin/cmake /home/graham/classes/Q2/ME495/ws/src/slam-project-gjcliff/nusim -DCMAKE_INSTALL_PREFIX=/home/graham/classes/Q2/ME495/ws/src/slam-project-gjcliff/install/nusim
[7.299s] DEBUG:colcon.colcon_core.event_handler.log_command:Invoking command in '/home/graham/classes/Q2/ME495/ws/src/slam-project-gjcliff/build/nusim': CMAKE_PREFIX_PATH=/home/graham/classes/Q2/ME495/ws/src/slam-project-gjcliff/install/turtlelib:/home/graham/classes/Q2/ME495/ws/install/nuturtle_control:/home/graham/classes/Q2/ME495/ws/install/nusim:/home/graham/classes/Q2/ME495/ws/install/turtlelib:/home/graham/classes/Q2/ME495/ws/install/numsr_turtlebot:/home/graham/classes/Q2/ME495/ws/install/nuturtlebot_msgs:/home/graham/classes/Q2/ME495/ws/install/nuturtle_description:/home/graham/ws/interbotix/install:/opt/ros/iron /home/graham/.local/bin/cmake --build /home/graham/classes/Q2/ME495/ws/src/slam-project-gjcliff/build/nusim -- -j32 -l32
[7.383s] DEBUG:colcon.colcon_core.event_handler.log_command:Invoked command in '/home/graham/classes/Q2/ME495/ws/src/slam-project-gjcliff/build/nuturtle_control' returned '0': AMENT_PREFIX_PATH=/home/graham/classes/Q2/ME495/ws/src/slam-project-gjcliff/install/nuturtle_description:${AMENT_PREFIX_PATH} CMAKE_PREFIX_PATH=/home/graham/classes/Q2/ME495/ws/src/slam-project-gjcliff/install/turtlelib:/home/graham/classes/Q2/ME495/ws/src/slam-project-gjcliff/install/nuturtle_description:/home/graham/classes/Q2/ME495/ws/install/nuturtle_control:/home/graham/classes/Q2/ME495/ws/install/nusim:/home/graham/classes/Q2/ME495/ws/install/turtlelib:/home/graham/classes/Q2/ME495/ws/install/numsr_turtlebot:/home/graham/classes/Q2/ME495/ws/install/nuturtlebot_msgs:/home/graham/classes/Q2/ME495/ws/install/nuturtle_description:/home/graham/ws/interbotix/install:/opt/ros/iron /home/graham/.local/bin/cmake /home/graham/classes/Q2/ME495/ws/src/slam-project-gjcliff/nuturtle_control -DCMAKE_INSTALL_PREFIX=/home/graham/classes/Q2/ME495/ws/src/slam-project-gjcliff/install/nuturtle_control
[7.385s] DEBUG:colcon.colcon_core.event_handler.log_command:Invoking command in '/home/graham/classes/Q2/ME495/ws/src/slam-project-gjcliff/build/nuturtle_control': AMENT_PREFIX_PATH=/home/graham/classes/Q2/ME495/ws/src/slam-project-gjcliff/install/nuturtle_description:${AMENT_PREFIX_PATH} CMAKE_PREFIX_PATH=/home/graham/classes/Q2/ME495/ws/src/slam-project-gjcliff/install/turtlelib:/home/graham/classes/Q2/ME495/ws/src/slam-project-gjcliff/install/nuturtle_description:/home/graham/classes/Q2/ME495/ws/install/nuturtle_control:/home/graham/classes/Q2/ME495/ws/install/nusim:/home/graham/classes/Q2/ME495/ws/install/turtlelib:/home/graham/classes/Q2/ME495/ws/install/numsr_turtlebot:/home/graham/classes/Q2/ME495/ws/install/nuturtlebot_msgs:/home/graham/classes/Q2/ME495/ws/install/nuturtle_description:/home/graham/ws/interbotix/install:/opt/ros/iron /home/graham/.local/bin/cmake --build /home/graham/classes/Q2/ME495/ws/src/slam-project-gjcliff/build/nuturtle_control -- -j32 -l32
[16.050s] DEBUG:colcon.colcon_core.event_handler.log_command:Invoked command in '/home/graham/classes/Q2/ME495/ws/src/slam-project-gjcliff/build/nuturtle_control' returned '0': AMENT_PREFIX_PATH=/home/graham/classes/Q2/ME495/ws/src/slam-project-gjcliff/install/nuturtle_description:${AMENT_PREFIX_PATH} CMAKE_PREFIX_PATH=/home/graham/classes/Q2/ME495/ws/src/slam-project-gjcliff/install/turtlelib:/home/graham/classes/Q2/ME495/ws/src/slam-project-gjcliff/install/nuturtle_description:/home/graham/classes/Q2/ME495/ws/install/nuturtle_control:/home/graham/classes/Q2/ME495/ws/install/nusim:/home/graham/classes/Q2/ME495/ws/install/turtlelib:/home/graham/classes/Q2/ME495/ws/install/numsr_turtlebot:/home/graham/classes/Q2/ME495/ws/install/nuturtlebot_msgs:/home/graham/classes/Q2/ME495/ws/install/nuturtle_description:/home/graham/ws/interbotix/install:/opt/ros/iron /home/graham/.local/bin/cmake --build /home/graham/classes/Q2/ME495/ws/src/slam-project-gjcliff/build/nuturtle_control -- -j32 -l32
[16.168s] DEBUG:colcon.colcon_core.event_handler.log_command:Invoking command in '/home/graham/classes/Q2/ME495/ws/src/slam-project-gjcliff/build/nuturtle_control': AMENT_PREFIX_PATH=/home/graham/classes/Q2/ME495/ws/src/slam-project-gjcliff/install/nuturtle_description:${AMENT_PREFIX_PATH} CMAKE_PREFIX_PATH=/home/graham/classes/Q2/ME495/ws/src/slam-project-gjcliff/install/turtlelib:/home/graham/classes/Q2/ME495/ws/src/slam-project-gjcliff/install/nuturtle_description:/home/graham/classes/Q2/ME495/ws/install/nuturtle_control:/home/graham/classes/Q2/ME495/ws/install/nusim:/home/graham/classes/Q2/ME495/ws/install/turtlelib:/home/graham/classes/Q2/ME495/ws/install/numsr_turtlebot:/home/graham/classes/Q2/ME495/ws/install/nuturtlebot_msgs:/home/graham/classes/Q2/ME495/ws/install/nuturtle_description:/home/graham/ws/interbotix/install:/opt/ros/iron /home/graham/.local/bin/cmake --install /home/graham/classes/Q2/ME495/ws/src/slam-project-gjcliff/build/nuturtle_control
[16.327s] Level 1:colcon.colcon_core.environment:create_environment_scripts_only(nuturtle_control)
[16.328s] DEBUG:colcon.colcon_core.event_handler.log_command:Invoked command in '/home/graham/classes/Q2/ME495/ws/src/slam-project-gjcliff/build/nuturtle_control' returned '0': AMENT_PREFIX_PATH=/home/graham/classes/Q2/ME495/ws/src/slam-project-gjcliff/install/nuturtle_description:${AMENT_PREFIX_PATH} CMAKE_PREFIX_PATH=/home/graham/classes/Q2/ME495/ws/src/slam-project-gjcliff/install/turtlelib:/home/graham/classes/Q2/ME495/ws/src/slam-project-gjcliff/install/nuturtle_description:/home/graham/classes/Q2/ME495/ws/install/nuturtle_control:/home/graham/classes/Q2/ME495/ws/install/nusim:/home/graham/classes/Q2/ME495/ws/install/turtlelib:/home/graham/classes/Q2/ME495/ws/install/numsr_turtlebot:/home/graham/classes/Q2/ME495/ws/install/nuturtlebot_msgs:/home/graham/classes/Q2/ME495/ws/install/nuturtle_description:/home/graham/ws/interbotix/install:/opt/ros/iron /home/graham/.local/bin/cmake --install /home/graham/classes/Q2/ME495/ws/src/slam-project-gjcliff/build/nuturtle_control
[16.336s] Level 1:colcon.colcon_core.environment:checking '/home/graham/classes/Q2/ME495/ws/src/slam-project-gjcliff/install/nuturtle_control' for CMake module files
[16.336s] Level 1:colcon.colcon_core.environment:checking '/home/graham/classes/Q2/ME495/ws/src/slam-project-gjcliff/install/nuturtle_control' for CMake config files
[16.336s] Level 1:colcon.colcon_core.shell:create_environment_hook('nuturtle_control', 'cmake_prefix_path')
[16.344s] INFO:colcon.colcon_core.shell:Creating environment hook '/home/graham/classes/Q2/ME495/ws/src/slam-project-gjcliff/install/nuturtle_control/share/nuturtle_control/hook/cmake_prefix_path.ps1'
[16.344s] INFO:colcon.colcon_core.shell:Creating environment descriptor '/home/graham/classes/Q2/ME495/ws/src/slam-project-gjcliff/install/nuturtle_control/share/nuturtle_control/hook/cmake_prefix_path.dsv'
[16.344s] INFO:colcon.colcon_core.shell:Creating environment hook '/home/graham/classes/Q2/ME495/ws/src/slam-project-gjcliff/install/nuturtle_control/share/nuturtle_control/hook/cmake_prefix_path.sh'
[16.345s] Level 1:colcon.colcon_core.environment:checking '/home/graham/classes/Q2/ME495/ws/src/slam-project-gjcliff/install/nuturtle_control/lib'
[16.345s] Level 1:colcon.colcon_core.shell:create_environment_hook('nuturtle_control', 'ld_library_path_lib')
[16.353s] INFO:colcon.colcon_core.shell:Creating environment hook '/home/graham/classes/Q2/ME495/ws/src/slam-project-gjcliff/install/nuturtle_control/share/nuturtle_control/hook/ld_library_path_lib.ps1'
[16.353s] INFO:colcon.colcon_core.shell:Creating environment descriptor '/home/graham/classes/Q2/ME495/ws/src/slam-project-gjcliff/install/nuturtle_control/share/nuturtle_control/hook/ld_library_path_lib.dsv'
[16.353s] INFO:colcon.colcon_core.shell:Creating environment hook '/home/graham/classes/Q2/ME495/ws/src/slam-project-gjcliff/install/nuturtle_control/share/nuturtle_control/hook/ld_library_path_lib.sh'
[16.353s] Level 1:colcon.colcon_core.environment:checking '/home/graham/classes/Q2/ME495/ws/src/slam-project-gjcliff/install/nuturtle_control/bin'
[16.353s] Level 1:colcon.colcon_core.environment:checking '/home/graham/classes/Q2/ME495/ws/src/slam-project-gjcliff/install/nuturtle_control/lib/pkgconfig/nuturtle_control.pc'
[16.353s] Level 1:colcon.colcon_core.environment:checking '/home/graham/classes/Q2/ME495/ws/src/slam-project-gjcliff/install/nuturtle_control/lib/python3.10/site-packages'
[16.353s] Level 1:colcon.colcon_core.shell:create_environment_hook('nuturtle_control', 'pythonpath')
[16.361s] INFO:colcon.colcon_core.shell:Creating environment hook '/home/graham/classes/Q2/ME495/ws/src/slam-project-gjcliff/install/nuturtle_control/share/nuturtle_control/hook/pythonpath.ps1'
[16.361s] INFO:colcon.colcon_core.shell:Creating environment descriptor '/home/graham/classes/Q2/ME495/ws/src/slam-project-gjcliff/install/nuturtle_control/share/nuturtle_control/hook/pythonpath.dsv'
[16.361s] INFO:colcon.colcon_core.shell:Creating environment hook '/home/graham/classes/Q2/ME495/ws/src/slam-project-gjcliff/install/nuturtle_control/share/nuturtle_control/hook/pythonpath.sh'
[16.361s] Level 1:colcon.colcon_core.environment:checking '/home/graham/classes/Q2/ME495/ws/src/slam-project-gjcliff/install/nuturtle_control/bin'
[16.370s] INFO:colcon.colcon_core.shell:Creating package script '/home/graham/classes/Q2/ME495/ws/src/slam-project-gjcliff/install/nuturtle_control/share/nuturtle_control/package.ps1'
[16.370s] INFO:colcon.colcon_core.shell:Creating package descriptor '/home/graham/classes/Q2/ME495/ws/src/slam-project-gjcliff/install/nuturtle_control/share/nuturtle_control/package.dsv'
[16.370s] INFO:colcon.colcon_core.shell:Creating package script '/home/graham/classes/Q2/ME495/ws/src/slam-project-gjcliff/install/nuturtle_control/share/nuturtle_control/package.sh'
[16.370s] INFO:colcon.colcon_core.shell:Creating package script '/home/graham/classes/Q2/ME495/ws/src/slam-project-gjcliff/install/nuturtle_control/share/nuturtle_control/package.bash'
[16.370s] INFO:colcon.colcon_core.shell:Creating package script '/home/graham/classes/Q2/ME495/ws/src/slam-project-gjcliff/install/nuturtle_control/share/nuturtle_control/package.zsh'
[16.371s] Level 1:colcon.colcon_core.environment:create_file_with_runtime_dependencies(/home/graham/classes/Q2/ME495/ws/src/slam-project-gjcliff/install/nuturtle_control/share/colcon-core/packages/nuturtle_control)
[16.499s] Level 1:colcon.colcon_core.environment:create_environment_scripts_only(nuturtle_control)
[16.508s] Level 1:colcon.colcon_core.environment:checking '/home/graham/classes/Q2/ME495/ws/src/slam-project-gjcliff/install/nuturtle_control' for CMake module files
[16.508s] Level 1:colcon.colcon_core.environment:checking '/home/graham/classes/Q2/ME495/ws/src/slam-project-gjcliff/install/nuturtle_control' for CMake config files
[16.508s] Level 1:colcon.colcon_core.shell:create_environment_hook('nuturtle_control', 'cmake_prefix_path')
[16.516s] INFO:colcon.colcon_core.shell:Creating environment hook '/home/graham/classes/Q2/ME495/ws/src/slam-project-gjcliff/install/nuturtle_control/share/nuturtle_control/hook/cmake_prefix_path.ps1'
[16.516s] INFO:colcon.colcon_core.shell:Creating environment descriptor '/home/graham/classes/Q2/ME495/ws/src/slam-project-gjcliff/install/nuturtle_control/share/nuturtle_control/hook/cmake_prefix_path.dsv'
[16.517s] INFO:colcon.colcon_core.shell:Creating environment hook '/home/graham/classes/Q2/ME495/ws/src/slam-project-gjcliff/install/nuturtle_control/share/nuturtle_control/hook/cmake_prefix_path.sh'
[16.517s] Level 1:colcon.colcon_core.environment:checking '/home/graham/classes/Q2/ME495/ws/src/slam-project-gjcliff/install/nuturtle_control/lib'
[16.517s] Level 1:colcon.colcon_core.shell:create_environment_hook('nuturtle_control', 'ld_library_path_lib')
[16.525s] INFO:colcon.colcon_core.shell:Creating environment hook '/home/graham/classes/Q2/ME495/ws/src/slam-project-gjcliff/install/nuturtle_control/share/nuturtle_control/hook/ld_library_path_lib.ps1'
[16.525s] INFO:colcon.colcon_core.shell:Creating environment descriptor '/home/graham/classes/Q2/ME495/ws/src/slam-project-gjcliff/install/nuturtle_control/share/nuturtle_control/hook/ld_library_path_lib.dsv'
[16.525s] INFO:colcon.colcon_core.shell:Creating environment hook '/home/graham/classes/Q2/ME495/ws/src/slam-project-gjcliff/install/nuturtle_control/share/nuturtle_control/hook/ld_library_path_lib.sh'
[16.525s] Level 1:colcon.colcon_core.environment:checking '/home/graham/classes/Q2/ME495/ws/src/slam-project-gjcliff/install/nuturtle_control/bin'
[16.525s] Level 1:colcon.colcon_core.environment:checking '/home/graham/classes/Q2/ME495/ws/src/slam-project-gjcliff/install/nuturtle_control/lib/pkgconfig/nuturtle_control.pc'
[16.526s] Level 1:colcon.colcon_core.environment:checking '/home/graham/classes/Q2/ME495/ws/src/slam-project-gjcliff/install/nuturtle_control/lib/python3.10/site-packages'
[16.526s] Level 1:colcon.colcon_core.shell:create_environment_hook('nuturtle_control', 'pythonpath')
[16.534s] INFO:colcon.colcon_core.shell:Creating environment hook '/home/graham/classes/Q2/ME495/ws/src/slam-project-gjcliff/install/nuturtle_control/share/nuturtle_control/hook/pythonpath.ps1'
[16.534s] INFO:colcon.colcon_core.shell:Creating environment descriptor '/home/graham/classes/Q2/ME495/ws/src/slam-project-gjcliff/install/nuturtle_control/share/nuturtle_control/hook/pythonpath.dsv'
[16.534s] INFO:colcon.colcon_core.shell:Creating environment hook '/home/graham/classes/Q2/ME495/ws/src/slam-project-gjcliff/install/nuturtle_control/share/nuturtle_control/hook/pythonpath.sh'
[16.534s] Level 1:colcon.colcon_core.environment:checking '/home/graham/classes/Q2/ME495/ws/src/slam-project-gjcliff/install/nuturtle_control/bin'
[16.542s] INFO:colcon.colcon_core.shell:Creating package script '/home/graham/classes/Q2/ME495/ws/src/slam-project-gjcliff/install/nuturtle_control/share/nuturtle_control/package.ps1'
[16.543s] INFO:colcon.colcon_core.shell:Creating package descriptor '/home/graham/classes/Q2/ME495/ws/src/slam-project-gjcliff/install/nuturtle_control/share/nuturtle_control/package.dsv'
[16.543s] INFO:colcon.colcon_core.shell:Creating package script '/home/graham/classes/Q2/ME495/ws/src/slam-project-gjcliff/install/nuturtle_control/share/nuturtle_control/package.sh'
[16.543s] INFO:colcon.colcon_core.shell:Creating package script '/home/graham/classes/Q2/ME495/ws/src/slam-project-gjcliff/install/nuturtle_control/share/nuturtle_control/package.bash'
[16.543s] INFO:colcon.colcon_core.shell:Creating package script '/home/graham/classes/Q2/ME495/ws/src/slam-project-gjcliff/install/nuturtle_control/share/nuturtle_control/package.zsh'
[16.543s] Level 1:colcon.colcon_core.environment:create_file_with_runtime_dependencies(/home/graham/classes/Q2/ME495/ws/src/slam-project-gjcliff/install/nuturtle_control/share/colcon-core/packages/nuturtle_control)
[17.956s] DEBUG:colcon.colcon_core.event_handler.log_command:Invoked command in '/home/graham/classes/Q2/ME495/ws/src/slam-project-gjcliff/build/nusim' returned '0': CMAKE_PREFIX_PATH=/home/graham/classes/Q2/ME495/ws/src/slam-project-gjcliff/install/turtlelib:/home/graham/classes/Q2/ME495/ws/install/nuturtle_control:/home/graham/classes/Q2/ME495/ws/install/nusim:/home/graham/classes/Q2/ME495/ws/install/turtlelib:/home/graham/classes/Q2/ME495/ws/install/numsr_turtlebot:/home/graham/classes/Q2/ME495/ws/install/nuturtlebot_msgs:/home/graham/classes/Q2/ME495/ws/install/nuturtle_description:/home/graham/ws/interbotix/install:/opt/ros/iron /home/graham/.local/bin/cmake --build /home/graham/classes/Q2/ME495/ws/src/slam-project-gjcliff/build/nusim -- -j32 -l32
[18.040s] DEBUG:colcon.colcon_core.event_handler.log_command:Invoking command in '/home/graham/classes/Q2/ME495/ws/src/slam-project-gjcliff/build/nusim': CMAKE_PREFIX_PATH=/home/graham/classes/Q2/ME495/ws/src/slam-project-gjcliff/install/turtlelib:/home/graham/classes/Q2/ME495/ws/install/nuturtle_control:/home/graham/classes/Q2/ME495/ws/install/nusim:/home/graham/classes/Q2/ME495/ws/install/turtlelib:/home/graham/classes/Q2/ME495/ws/install/numsr_turtlebot:/home/graham/classes/Q2/ME495/ws/install/nuturtlebot_msgs:/home/graham/classes/Q2/ME495/ws/install/nuturtle_description:/home/graham/ws/interbotix/install:/opt/ros/iron /home/graham/.local/bin/cmake --install /home/graham/classes/Q2/ME495/ws/src/slam-project-gjcliff/build/nusim
[18.135s] Level 1:colcon.colcon_core.environment:create_environment_scripts_only(nusim)
[18.135s] DEBUG:colcon.colcon_core.event_handler.log_command:Invoked command in '/home/graham/classes/Q2/ME495/ws/src/slam-project-gjcliff/build/nusim' returned '0': CMAKE_PREFIX_PATH=/home/graham/classes/Q2/ME495/ws/src/slam-project-gjcliff/install/turtlelib:/home/graham/classes/Q2/ME495/ws/install/nuturtle_control:/home/graham/classes/Q2/ME495/ws/install/nusim:/home/graham/classes/Q2/ME495/ws/install/turtlelib:/home/graham/classes/Q2/ME495/ws/install/numsr_turtlebot:/home/graham/classes/Q2/ME495/ws/install/nuturtlebot_msgs:/home/graham/classes/Q2/ME495/ws/install/nuturtle_description:/home/graham/ws/interbotix/install:/opt/ros/iron /home/graham/.local/bin/cmake --install /home/graham/classes/Q2/ME495/ws/src/slam-project-gjcliff/build/nusim
[18.143s] Level 1:colcon.colcon_core.environment:checking '/home/graham/classes/Q2/ME495/ws/src/slam-project-gjcliff/install/nusim' for CMake module files
[18.143s] Level 1:colcon.colcon_core.environment:checking '/home/graham/classes/Q2/ME495/ws/src/slam-project-gjcliff/install/nusim' for CMake config files
[18.144s] Level 1:colcon.colcon_core.shell:create_environment_hook('nusim', 'cmake_prefix_path')
[18.151s] INFO:colcon.colcon_core.shell:Creating environment hook '/home/graham/classes/Q2/ME495/ws/src/slam-project-gjcliff/install/nusim/share/nusim/hook/cmake_prefix_path.ps1'
[18.152s] INFO:colcon.colcon_core.shell:Creating environment descriptor '/home/graham/classes/Q2/ME495/ws/src/slam-project-gjcliff/install/nusim/share/nusim/hook/cmake_prefix_path.dsv'
[18.152s] INFO:colcon.colcon_core.shell:Creating environment hook '/home/graham/classes/Q2/ME495/ws/src/slam-project-gjcliff/install/nusim/share/nusim/hook/cmake_prefix_path.sh'
[18.152s] Level 1:colcon.colcon_core.environment:checking '/home/graham/classes/Q2/ME495/ws/src/slam-project-gjcliff/install/nusim/lib'
[18.152s] Level 1:colcon.colcon_core.shell:create_environment_hook('nusim', 'ld_library_path_lib')
[18.160s] INFO:colcon.colcon_core.shell:Creating environment hook '/home/graham/classes/Q2/ME495/ws/src/slam-project-gjcliff/install/nusim/share/nusim/hook/ld_library_path_lib.ps1'
[18.160s] INFO:colcon.colcon_core.shell:Creating environment descriptor '/home/graham/classes/Q2/ME495/ws/src/slam-project-gjcliff/install/nusim/share/nusim/hook/ld_library_path_lib.dsv'
[18.160s] INFO:colcon.colcon_core.shell:Creating environment hook '/home/graham/classes/Q2/ME495/ws/src/slam-project-gjcliff/install/nusim/share/nusim/hook/ld_library_path_lib.sh'
[18.160s] Level 1:colcon.colcon_core.environment:checking '/home/graham/classes/Q2/ME495/ws/src/slam-project-gjcliff/install/nusim/bin'
[18.160s] Level 1:colcon.colcon_core.environment:checking '/home/graham/classes/Q2/ME495/ws/src/slam-project-gjcliff/install/nusim/lib/pkgconfig/nusim.pc'
[18.160s] Level 1:colcon.colcon_core.environment:checking '/home/graham/classes/Q2/ME495/ws/src/slam-project-gjcliff/install/nusim/lib/python3.10/site-packages'
[18.160s] Level 1:colcon.colcon_core.shell:create_environment_hook('nusim', 'pythonpath')
[18.168s] INFO:colcon.colcon_core.shell:Creating environment hook '/home/graham/classes/Q2/ME495/ws/src/slam-project-gjcliff/install/nusim/share/nusim/hook/pythonpath.ps1'
[18.168s] INFO:colcon.colcon_core.shell:Creating environment descriptor '/home/graham/classes/Q2/ME495/ws/src/slam-project-gjcliff/install/nusim/share/nusim/hook/pythonpath.dsv'
[18.168s] INFO:colcon.colcon_core.shell:Creating environment hook '/home/graham/classes/Q2/ME495/ws/src/slam-project-gjcliff/install/nusim/share/nusim/hook/pythonpath.sh'
[18.169s] Level 1:colcon.colcon_core.environment:checking '/home/graham/classes/Q2/ME495/ws/src/slam-project-gjcliff/install/nusim/bin'
[18.176s] INFO:colcon.colcon_core.shell:Creating package script '/home/graham/classes/Q2/ME495/ws/src/slam-project-gjcliff/install/nusim/share/nusim/package.ps1'
[18.177s] INFO:colcon.colcon_core.shell:Creating package descriptor '/home/graham/classes/Q2/ME495/ws/src/slam-project-gjcliff/install/nusim/share/nusim/package.dsv'
[18.177s] INFO:colcon.colcon_core.shell:Creating package script '/home/graham/classes/Q2/ME495/ws/src/slam-project-gjcliff/install/nusim/share/nusim/package.sh'
[18.177s] INFO:colcon.colcon_core.shell:Creating package script '/home/graham/classes/Q2/ME495/ws/src/slam-project-gjcliff/install/nusim/share/nusim/package.bash'
[18.177s] INFO:colcon.colcon_core.shell:Creating package script '/home/graham/classes/Q2/ME495/ws/src/slam-project-gjcliff/install/nusim/share/nusim/package.zsh'
[18.177s] Level 1:colcon.colcon_core.environment:create_file_with_runtime_dependencies(/home/graham/classes/Q2/ME495/ws/src/slam-project-gjcliff/install/nusim/share/colcon-core/packages/nusim)
[18.263s] Level 1:colcon.colcon_core.environment:create_environment_scripts_only(nusim)
[18.271s] Level 1:colcon.colcon_core.environment:checking '/home/graham/classes/Q2/ME495/ws/src/slam-project-gjcliff/install/nusim' for CMake module files
[18.272s] Level 1:colcon.colcon_core.environment:checking '/home/graham/classes/Q2/ME495/ws/src/slam-project-gjcliff/install/nusim' for CMake config files
[18.272s] Level 1:colcon.colcon_core.shell:create_environment_hook('nusim', 'cmake_prefix_path')
[18.280s] INFO:colcon.colcon_core.shell:Creating environment hook '/home/graham/classes/Q2/ME495/ws/src/slam-project-gjcliff/install/nusim/share/nusim/hook/cmake_prefix_path.ps1'
[18.280s] INFO:colcon.colcon_core.shell:Creating environment descriptor '/home/graham/classes/Q2/ME495/ws/src/slam-project-gjcliff/install/nusim/share/nusim/hook/cmake_prefix_path.dsv'
[18.280s] INFO:colcon.colcon_core.shell:Creating environment hook '/home/graham/classes/Q2/ME495/ws/src/slam-project-gjcliff/install/nusim/share/nusim/hook/cmake_prefix_path.sh'
[18.281s] Level 1:colcon.colcon_core.environment:checking '/home/graham/classes/Q2/ME495/ws/src/slam-project-gjcliff/install/nusim/lib'
[18.281s] Level 1:colcon.colcon_core.shell:create_environment_hook('nusim', 'ld_library_path_lib')
[18.289s] INFO:colcon.colcon_core.shell:Creating environment hook '/home/graham/classes/Q2/ME495/ws/src/slam-project-gjcliff/install/nusim/share/nusim/hook/ld_library_path_lib.ps1'
[18.289s] INFO:colcon.colcon_core.shell:Creating environment descriptor '/home/graham/classes/Q2/ME495/ws/src/slam-project-gjcliff/install/nusim/share/nusim/hook/ld_library_path_lib.dsv'
[18.289s] INFO:colcon.colcon_core.shell:Creating environment hook '/home/graham/classes/Q2/ME495/ws/src/slam-project-gjcliff/install/nusim/share/nusim/hook/ld_library_path_lib.sh'
[18.289s] Level 1:colcon.colcon_core.environment:checking '/home/graham/classes/Q2/ME495/ws/src/slam-project-gjcliff/install/nusim/bin'
[18.289s] Level 1:colcon.colcon_core.environment:checking '/home/graham/classes/Q2/ME495/ws/src/slam-project-gjcliff/install/nusim/lib/pkgconfig/nusim.pc'
[18.289s] Level 1:colcon.colcon_core.environment:checking '/home/graham/classes/Q2/ME495/ws/src/slam-project-gjcliff/install/nusim/lib/python3.10/site-packages'
[18.289s] Level 1:colcon.colcon_core.shell:create_environment_hook('nusim', 'pythonpath')
[18.297s] INFO:colcon.colcon_core.shell:Creating environment hook '/home/graham/classes/Q2/ME495/ws/src/slam-project-gjcliff/install/nusim/share/nusim/hook/pythonpath.ps1'
[18.298s] INFO:colcon.colcon_core.shell:Creating environment descriptor '/home/graham/classes/Q2/ME495/ws/src/slam-project-gjcliff/install/nusim/share/nusim/hook/pythonpath.dsv'
[18.298s] INFO:colcon.colcon_core.shell:Creating environment hook '/home/graham/classes/Q2/ME495/ws/src/slam-project-gjcliff/install/nusim/share/nusim/hook/pythonpath.sh'
[18.298s] Level 1:colcon.colcon_core.environment:checking '/home/graham/classes/Q2/ME495/ws/src/slam-project-gjcliff/install/nusim/bin'
[18.306s] INFO:colcon.colcon_core.shell:Creating package script '/home/graham/classes/Q2/ME495/ws/src/slam-project-gjcliff/install/nusim/share/nusim/package.ps1'
[18.306s] INFO:colcon.colcon_core.shell:Creating package descriptor '/home/graham/classes/Q2/ME495/ws/src/slam-project-gjcliff/install/nusim/share/nusim/package.dsv'
[18.307s] INFO:colcon.colcon_core.shell:Creating package script '/home/graham/classes/Q2/ME495/ws/src/slam-project-gjcliff/install/nusim/share/nusim/package.sh'
[18.307s] INFO:colcon.colcon_core.shell:Creating package script '/home/graham/classes/Q2/ME495/ws/src/slam-project-gjcliff/install/nusim/share/nusim/package.bash'
[18.307s] INFO:colcon.colcon_core.shell:Creating package script '/home/graham/classes/Q2/ME495/ws/src/slam-project-gjcliff/install/nusim/share/nusim/package.zsh'
[18.307s] Level 1:colcon.colcon_core.environment:create_file_with_runtime_dependencies(/home/graham/classes/Q2/ME495/ws/src/slam-project-gjcliff/install/nusim/share/colcon-core/packages/nusim)
[18.307s] DEBUG:colcon.colcon_parallel_executor.executor.parallel:closing loop
[18.307s] DEBUG:colcon.colcon_parallel_executor.executor.parallel:loop closed
[18.307s] DEBUG:colcon.colcon_parallel_executor.executor.parallel:run_until_complete finished with '0'
[18.307s] DEBUG:colcon.colcon_core.event_reactor:joining thread
[18.318s] INFO:colcon.colcon_core.plugin_system:Skipping extension 'colcon_notification.desktop_notification.terminal_notifier': Not used on non-Darwin systems
[18.318s] INFO:colcon.colcon_core.plugin_system:Skipping extension 'colcon_notification.desktop_notification.win32': Not used on non-Windows systems
[18.318s] INFO:colcon.colcon_notification.desktop_notification:Sending desktop notification using 'notify2'
[18.325s] DEBUG:colcon.colcon_core.event_reactor:joined thread
[18.333s] INFO:colcon.colcon_core.shell:Creating prefix script '/home/graham/classes/Q2/ME495/ws/src/slam-project-gjcliff/install/local_setup.ps1'
[18.334s] INFO:colcon.colcon_core.shell:Creating prefix util module '/home/graham/classes/Q2/ME495/ws/src/slam-project-gjcliff/install/_local_setup_util_ps1.py'
[18.334s] INFO:colcon.colcon_core.shell:Creating prefix chain script '/home/graham/classes/Q2/ME495/ws/src/slam-project-gjcliff/install/setup.ps1'
[18.342s] INFO:colcon.colcon_core.shell:Creating prefix script '/home/graham/classes/Q2/ME495/ws/src/slam-project-gjcliff/install/local_setup.sh'
[18.342s] INFO:colcon.colcon_core.shell:Creating prefix util module '/home/graham/classes/Q2/ME495/ws/src/slam-project-gjcliff/install/_local_setup_util_sh.py'
[18.343s] INFO:colcon.colcon_core.shell:Creating prefix chain script '/home/graham/classes/Q2/ME495/ws/src/slam-project-gjcliff/install/setup.sh'
[18.351s] INFO:colcon.colcon_core.shell:Creating prefix script '/home/graham/classes/Q2/ME495/ws/src/slam-project-gjcliff/install/local_setup.bash'
[18.351s] INFO:colcon.colcon_core.shell:Creating prefix chain script '/home/graham/classes/Q2/ME495/ws/src/slam-project-gjcliff/install/setup.bash'
[18.359s] INFO:colcon.colcon_core.shell:Creating prefix script '/home/graham/classes/Q2/ME495/ws/src/slam-project-gjcliff/install/local_setup.zsh'
[18.359s] INFO:colcon.colcon_core.shell:Creating prefix chain script '/home/graham/classes/Q2/ME495/ws/src/slam-project-gjcliff/install/setup.zsh'
