[0.109s] Invoking command in '/home/graham/classes/Q2/ME495/ws/src/slam-project-gjcliff/build/nuturtle_description': CMAKE_PREFIX_PATH=${CMAKE_PREFIX_PATH}:/opt/ros/iron /home/graham/.local/bin/cmake /home/graham/classes/Q2/ME495/ws/src/slam-project-gjcliff/nuturtle_description -DCMAKE_INSTALL_PREFIX=/home/graham/classes/Q2/ME495/ws/src/slam-project-gjcliff/install/nuturtle_description
[0.189s] -- The C compiler identification is GNU 11.4.0
[0.234s] -- The CXX compiler identification is GNU 11.4.0
[0.242s] -- Detecting C compiler ABI info
[0.282s] -- Detecting C compiler ABI info - done
[0.290s] -- Check for working C compiler: /usr/bin/cc - skipped
[0.291s] -- Detecting C compile features
[0.291s] -- Detecting C compile features - done
[0.294s] -- Detecting CXX compiler ABI info
[0.342s] -- Detecting CXX compiler ABI info - done
[0.351s] -- Check for working CXX compiler: /usr/bin/c++ - skipped
[0.351s] -- Detecting CXX compile features
[0.351s] -- Detecting CXX compile features - done
[0.354s] -- Found ament_cmake: 2.0.3 (/opt/ros/iron/share/ament_cmake/cmake)
[0.931s] -- Found Python3: /usr/bin/python3.10 (found version "3.10.12") found components: Interpreter 
[1.012s] -- Found rclcpp: 21.0.4 (/opt/ros/iron/share/rclcpp/cmake)
[1.060s] -- Found rosidl_generator_c: 4.0.1 (/opt/ros/iron/share/rosidl_generator_c/cmake)
[1.074s] -- Found rosidl_generator_cpp: 4.0.1 (/opt/ros/iron/share/rosidl_generator_cpp/cmake)
[1.092s] -- Using all available rosidl_typesupport_c: rosidl_typesupport_fastrtps_c;rosidl_typesupport_introspection_c
[1.113s] -- Using all available rosidl_typesupport_cpp: rosidl_typesupport_fastrtps_cpp;rosidl_typesupport_introspection_cpp
[1.279s] -- Found rmw_implementation_cmake: 7.1.0 (/opt/ros/iron/share/rmw_implementation_cmake/cmake)
[1.282s] -- Found rmw_fastrtps_cpp: 7.1.2 (/opt/ros/iron/share/rmw_fastrtps_cpp/cmake)
[1.375s] -- Found OpenSSL: /usr/lib/x86_64-linux-gnu/libcrypto.so (found version "3.0.2")  
[1.404s] -- Found FastRTPS: /opt/ros/iron/include  
[1.450s] -- Using RMW implementation 'rmw_fastrtps_cpp' as default
[1.575s] -- Found ament_lint_auto: 0.14.2 (/opt/ros/iron/share/ament_lint_auto/cmake)
[1.641s] -- Added test 'flake8' to check Python code syntax and style conventions
[1.641s] -- Configured 'flake8' exclude dirs and/or files: 
[1.641s] -- Added test 'lint_cmake' to check CMake code style
[1.641s] -- Added test 'pep257' to check Python code against some of the docstring style conventions in PEP 257
[1.642s] -- Added test 'xmllint' to check XML markup files
[1.643s] -- Configuring done
[1.646s] -- Generating done
[1.647s] -- Build files have been written to: /home/graham/classes/Q2/ME495/ws/src/slam-project-gjcliff/build/nuturtle_description
[1.656s] Invoked command in '/home/graham/classes/Q2/ME495/ws/src/slam-project-gjcliff/build/nuturtle_description' returned '0': CMAKE_PREFIX_PATH=${CMAKE_PREFIX_PATH}:/opt/ros/iron /home/graham/.local/bin/cmake /home/graham/classes/Q2/ME495/ws/src/slam-project-gjcliff/nuturtle_description -DCMAKE_INSTALL_PREFIX=/home/graham/classes/Q2/ME495/ws/src/slam-project-gjcliff/install/nuturtle_description
[1.657s] Invoking command in '/home/graham/classes/Q2/ME495/ws/src/slam-project-gjcliff/build/nuturtle_description': CMAKE_PREFIX_PATH=${CMAKE_PREFIX_PATH}:/opt/ros/iron /home/graham/.local/bin/cmake --build /home/graham/classes/Q2/ME495/ws/src/slam-project-gjcliff/build/nuturtle_description -- -j32 -l32
[1.696s] Invoked command in '/home/graham/classes/Q2/ME495/ws/src/slam-project-gjcliff/build/nuturtle_description' returned '0': CMAKE_PREFIX_PATH=${CMAKE_PREFIX_PATH}:/opt/ros/iron /home/graham/.local/bin/cmake --build /home/graham/classes/Q2/ME495/ws/src/slam-project-gjcliff/build/nuturtle_description -- -j32 -l32
[1.764s] Invoking command in '/home/graham/classes/Q2/ME495/ws/src/slam-project-gjcliff/build/nuturtle_description': CMAKE_PREFIX_PATH=${CMAKE_PREFIX_PATH}:/opt/ros/iron /home/graham/.local/bin/cmake --install /home/graham/classes/Q2/ME495/ws/src/slam-project-gjcliff/build/nuturtle_description
[1.789s] -- Install configuration: ""
[1.789s] -- Installing: /home/graham/classes/Q2/ME495/ws/src/slam-project-gjcliff/install/nuturtle_description/share/nuturtle_description/launch
[1.789s] -- Installing: /home/graham/classes/Q2/ME495/ws/src/slam-project-gjcliff/install/nuturtle_description/share/nuturtle_description/launch/load_one.launch.py
[1.789s] -- Installing: /home/graham/classes/Q2/ME495/ws/src/slam-project-gjcliff/install/nuturtle_description/share/nuturtle_description/launch/load_all.launch.xml
[1.789s] -- Installing: /home/graham/classes/Q2/ME495/ws/src/slam-project-gjcliff/install/nuturtle_description/share/nuturtle_description/config
[1.789s] -- Installing: /home/graham/classes/Q2/ME495/ws/src/slam-project-gjcliff/install/nuturtle_description/share/nuturtle_description/config/turtlebot3_burger.urdf.xacro
[1.789s] -- Installing: /home/graham/classes/Q2/ME495/ws/src/slam-project-gjcliff/install/nuturtle_description/share/nuturtle_description/config/basic_red.rviz
[1.791s] -- Installing: /home/graham/classes/Q2/ME495/ws/src/slam-project-gjcliff/install/nuturtle_description/share/nuturtle_description/config/left_tire.stl
[1.792s] -- Installing: /home/graham/classes/Q2/ME495/ws/src/slam-project-gjcliff/install/nuturtle_description/share/nuturtle_description/config/diff_params.yaml
[1.792s] -- Installing: /home/graham/classes/Q2/ME495/ws/src/slam-project-gjcliff/install/nuturtle_description/share/nuturtle_description/config/right_tire.stl
[1.794s] -- Installing: /home/graham/classes/Q2/ME495/ws/src/slam-project-gjcliff/install/nuturtle_description/share/nuturtle_description/config/basic_blue.rviz
[1.794s] -- Installing: /home/graham/classes/Q2/ME495/ws/src/slam-project-gjcliff/install/nuturtle_description/share/nuturtle_description/config/basic_green.rviz
[1.794s] -- Installing: /home/graham/classes/Q2/ME495/ws/src/slam-project-gjcliff/install/nuturtle_description/share/nuturtle_description/config/basic_all.rviz
[1.794s] -- Installing: /home/graham/classes/Q2/ME495/ws/src/slam-project-gjcliff/install/nuturtle_description/share/nuturtle_description/config/burger_base.stl
[1.799s] -- Installing: /home/graham/classes/Q2/ME495/ws/src/slam-project-gjcliff/install/nuturtle_description/share/nuturtle_description/config/lds.stl
[1.800s] -- Installing: /home/graham/classes/Q2/ME495/ws/src/slam-project-gjcliff/install/nuturtle_description/share/nuturtle_description/config/basic_purple.rviz
[1.800s] -- Installing: /home/graham/classes/Q2/ME495/ws/src/slam-project-gjcliff/install/nuturtle_description/share/ament_index/resource_index/package_run_dependencies/nuturtle_description
[1.800s] -- Installing: /home/graham/classes/Q2/ME495/ws/src/slam-project-gjcliff/install/nuturtle_description/share/ament_index/resource_index/parent_prefix_path/nuturtle_description
[1.800s] -- Installing: /home/graham/classes/Q2/ME495/ws/src/slam-project-gjcliff/install/nuturtle_description/share/nuturtle_description/environment/ament_prefix_path.sh
[1.800s] -- Installing: /home/graham/classes/Q2/ME495/ws/src/slam-project-gjcliff/install/nuturtle_description/share/nuturtle_description/environment/ament_prefix_path.dsv
[1.801s] -- Installing: /home/graham/classes/Q2/ME495/ws/src/slam-project-gjcliff/install/nuturtle_description/share/nuturtle_description/environment/path.sh
[1.801s] -- Installing: /home/graham/classes/Q2/ME495/ws/src/slam-project-gjcliff/install/nuturtle_description/share/nuturtle_description/environment/path.dsv
[1.801s] -- Installing: /home/graham/classes/Q2/ME495/ws/src/slam-project-gjcliff/install/nuturtle_description/share/nuturtle_description/local_setup.bash
[1.801s] -- Installing: /home/graham/classes/Q2/ME495/ws/src/slam-project-gjcliff/install/nuturtle_description/share/nuturtle_description/local_setup.sh
[1.801s] -- Installing: /home/graham/classes/Q2/ME495/ws/src/slam-project-gjcliff/install/nuturtle_description/share/nuturtle_description/local_setup.zsh
[1.801s] -- Installing: /home/graham/classes/Q2/ME495/ws/src/slam-project-gjcliff/install/nuturtle_description/share/nuturtle_description/local_setup.dsv
[1.801s] -- Installing: /home/graham/classes/Q2/ME495/ws/src/slam-project-gjcliff/install/nuturtle_description/share/nuturtle_description/package.dsv
[1.801s] -- Installing: /home/graham/classes/Q2/ME495/ws/src/slam-project-gjcliff/install/nuturtle_description/share/ament_index/resource_index/packages/nuturtle_description
[1.801s] -- Installing: /home/graham/classes/Q2/ME495/ws/src/slam-project-gjcliff/install/nuturtle_description/share/nuturtle_description/cmake/nuturtle_descriptionConfig.cmake
[1.801s] -- Installing: /home/graham/classes/Q2/ME495/ws/src/slam-project-gjcliff/install/nuturtle_description/share/nuturtle_description/cmake/nuturtle_descriptionConfig-version.cmake
[1.801s] -- Installing: /home/graham/classes/Q2/ME495/ws/src/slam-project-gjcliff/install/nuturtle_description/share/nuturtle_description/package.xml
[1.806s] Invoked command in '/home/graham/classes/Q2/ME495/ws/src/slam-project-gjcliff/build/nuturtle_description' returned '0': CMAKE_PREFIX_PATH=${CMAKE_PREFIX_PATH}:/opt/ros/iron /home/graham/.local/bin/cmake --install /home/graham/classes/Q2/ME495/ws/src/slam-project-gjcliff/build/nuturtle_description
